<?xml version="1.0" encoding="UTF-8"?>
<testsuite xmlns:xsi="http://www.w3.org/2001/XMLSchema-instance" xsi:noNamespaceSchemaLocation="https://maven.apache.org/surefire/maven-surefire-plugin/xsd/surefire-test-report.xsd" name="com.tianji.user.service.impl.StudentServiceImplTest" time="30.819" tests="1" errors="1" skipped="0" failures="0">
  <properties>
    <property name="java.specification.version" value="17"/>
    <property name="sun.cpu.isalist" value="amd64"/>
    <property name="sun.jnu.encoding" value="GBK"/>
    <property name="java.class.path" value="C:\Users\dell\Desktop\Java-Study\tjxt-master\tj-user\target\test-classes;C:\Users\dell\Desktop\Java-Study\tjxt-master\tj-user\target\classes;D:\apache-maven-3.6.3\maven_repository\org\springframework\boot\spring-boot-starter-web\2.7.2\spring-boot-starter-web-2.7.2.jar;D:\apache-maven-3.6.3\maven_repository\org\springframework\boot\spring-boot-starter\2.7.2\spring-boot-starter-2.7.2.jar;D:\apache-maven-3.6.3\maven_repository\org\springframework\boot\spring-boot\2.7.2\spring-boot-2.7.2.jar;D:\apache-maven-3.6.3\maven_repository\org\springframework\boot\spring-boot-starter-logging\2.7.2\spring-boot-starter-logging-2.7.2.jar;D:\apache-maven-3.6.3\maven_repository\ch\qos\logback\logback-classic\1.2.11\logback-classic-1.2.11.jar;D:\apache-maven-3.6.3\maven_repository\ch\qos\logback\logback-core\1.2.11\logback-core-1.2.11.jar;D:\apache-maven-3.6.3\maven_repository\org\apache\logging\log4j\log4j-to-slf4j\2.17.2\log4j-to-slf4j-2.17.2.jar;D:\apache-maven-3.6.3\maven_repository\org\apache\logging\log4j\log4j-api\2.17.2\log4j-api-2.17.2.jar;D:\apache-maven-3.6.3\maven_repository\org\slf4j\jul-to-slf4j\1.7.36\jul-to-slf4j-1.7.36.jar;D:\apache-maven-3.6.3\maven_repository\jakarta\annotation\jakarta.annotation-api\1.3.5\jakarta.annotation-api-1.3.5.jar;D:\apache-maven-3.6.3\maven_repository\org\yaml\snakeyaml\1.30\snakeyaml-1.30.jar;D:\apache-maven-3.6.3\maven_repository\org\springframework\boot\spring-boot-starter-json\2.7.2\spring-boot-starter-json-2.7.2.jar;D:\apache-maven-3.6.3\maven_repository\com\fasterxml\jackson\core\jackson-databind\2.13.3\jackson-databind-2.13.3.jar;D:\apache-maven-3.6.3\maven_repository\com\fasterxml\jackson\core\jackson-annotations\2.13.3\jackson-annotations-2.13.3.jar;D:\apache-maven-3.6.3\maven_repository\com\fasterxml\jackson\datatype\jackson-datatype-jdk8\2.13.3\jackson-datatype-jdk8-2.13.3.jar;D:\apache-maven-3.6.3\maven_repository\com\fasterxml\jackson\datatype\jackson-datatype-jsr310\2.13.3\jackson-datatype-jsr310-2.13.3.jar;D:\apache-maven-3.6.3\maven_repository\com\fasterxml\jackson\module\jackson-module-parameter-names\2.13.3\jackson-module-parameter-names-2.13.3.jar;D:\apache-maven-3.6.3\maven_repository\org\springframework\boot\spring-boot-starter-tomcat\2.7.2\spring-boot-starter-tomcat-2.7.2.jar;D:\apache-maven-3.6.3\maven_repository\org\apache\tomcat\embed\tomcat-embed-core\9.0.65\tomcat-embed-core-9.0.65.jar;D:\apache-maven-3.6.3\maven_repository\org\apache\tomcat\embed\tomcat-embed-el\9.0.65\tomcat-embed-el-9.0.65.jar;D:\apache-maven-3.6.3\maven_repository\org\apache\tomcat\embed\tomcat-embed-websocket\9.0.65\tomcat-embed-websocket-9.0.65.jar;D:\apache-maven-3.6.3\maven_repository\org\springframework\spring-web\5.3.22\spring-web-5.3.22.jar;D:\apache-maven-3.6.3\maven_repository\org\springframework\spring-beans\5.3.22\spring-beans-5.3.22.jar;D:\apache-maven-3.6.3\maven_repository\org\springframework\spring-webmvc\5.3.22\spring-webmvc-5.3.22.jar;D:\apache-maven-3.6.3\maven_repository\org\springframework\spring-aop\5.3.22\spring-aop-5.3.22.jar;D:\apache-maven-3.6.3\maven_repository\org\springframework\spring-context\5.3.22\spring-context-5.3.22.jar;D:\apache-maven-3.6.3\maven_repository\org\springframework\spring-expression\5.3.22\spring-expression-5.3.22.jar;D:\apache-maven-3.6.3\maven_repository\com\baomidou\mybatis-plus-boot-starter\3.4.3\mybatis-plus-boot-starter-3.4.3.jar;D:\apache-maven-3.6.3\maven_repository\com\baomidou\mybatis-plus\3.4.3\mybatis-plus-3.4.3.jar;D:\apache-maven-3.6.3\maven_repository\com\baomidou\mybatis-plus-extension\3.4.3\mybatis-plus-extension-3.4.3.jar;D:\apache-maven-3.6.3\maven_repository\com\baomidou\mybatis-plus-core\3.4.3\mybatis-plus-core-3.4.3.jar;D:\apache-maven-3.6.3\maven_repository\com\baomidou\mybatis-plus-annotation\3.4.3\mybatis-plus-annotation-3.4.3.jar;D:\apache-maven-3.6.3\maven_repository\com\github\jsqlparser\jsqlparser\4.0\jsqlparser-4.0.jar;D:\apache-maven-3.6.3\maven_repository\org\mybatis\mybatis\3.5.7\mybatis-3.5.7.jar;D:\apache-maven-3.6.3\maven_repository\org\mybatis\mybatis-spring\2.0.6\mybatis-spring-2.0.6.jar;D:\apache-maven-3.6.3\maven_repository\org\springframework\boot\spring-boot-autoconfigure\2.7.2\spring-boot-autoconfigure-2.7.2.jar;D:\apache-maven-3.6.3\maven_repository\org\springframework\boot\spring-boot-starter-jdbc\2.7.2\spring-boot-starter-jdbc-2.7.2.jar;D:\apache-maven-3.6.3\maven_repository\com\zaxxer\HikariCP\4.0.3\HikariCP-4.0.3.jar;D:\apache-maven-3.6.3\maven_repository\org\springframework\spring-jdbc\5.3.22\spring-jdbc-5.3.22.jar;D:\apache-maven-3.6.3\maven_repository\mysql\mysql-connector-java\8.0.23\mysql-connector-java-8.0.23.jar;D:\apache-maven-3.6.3\maven_repository\com\google\protobuf\protobuf-java\3.11.4\protobuf-java-3.11.4.jar;D:\apache-maven-3.6.3\maven_repository\org\springframework\boot\spring-boot-starter-data-redis\2.7.2\spring-boot-starter-data-redis-2.7.2.jar;D:\apache-maven-3.6.3\maven_repository\org\springframework\data\spring-data-redis\2.7.2\spring-data-redis-2.7.2.jar;D:\apache-maven-3.6.3\maven_repository\org\springframework\data\spring-data-keyvalue\2.7.2\spring-data-keyvalue-2.7.2.jar;D:\apache-maven-3.6.3\maven_repository\org\springframework\data\spring-data-commons\2.7.2\spring-data-commons-2.7.2.jar;D:\apache-maven-3.6.3\maven_repository\org\springframework\spring-tx\5.3.22\spring-tx-5.3.22.jar;D:\apache-maven-3.6.3\maven_repository\org\springframework\spring-oxm\5.3.22\spring-oxm-5.3.22.jar;D:\apache-maven-3.6.3\maven_repository\org\springframework\spring-context-support\5.3.22\spring-context-support-5.3.22.jar;D:\apache-maven-3.6.3\maven_repository\org\slf4j\slf4j-api\1.7.36\slf4j-api-1.7.36.jar;D:\apache-maven-3.6.3\maven_repository\io\lettuce\lettuce-core\6.1.9.RELEASE\lettuce-core-6.1.9.RELEASE.jar;D:\apache-maven-3.6.3\maven_repository\io\netty\netty-common\4.1.79.Final\netty-common-4.1.79.Final.jar;D:\apache-maven-3.6.3\maven_repository\io\netty\netty-handler\4.1.79.Final\netty-handler-4.1.79.Final.jar;D:\apache-maven-3.6.3\maven_repository\io\netty\netty-resolver\4.1.79.Final\netty-resolver-4.1.79.Final.jar;D:\apache-maven-3.6.3\maven_repository\io\netty\netty-buffer\4.1.79.Final\netty-buffer-4.1.79.Final.jar;D:\apache-maven-3.6.3\maven_repository\io\netty\netty-transport-native-unix-common\4.1.79.Final\netty-transport-native-unix-common-4.1.79.Final.jar;D:\apache-maven-3.6.3\maven_repository\io\netty\netty-codec\4.1.79.Final\netty-codec-4.1.79.Final.jar;D:\apache-maven-3.6.3\maven_repository\io\netty\netty-transport\4.1.79.Final\netty-transport-4.1.79.Final.jar;D:\apache-maven-3.6.3\maven_repository\io\projectreactor\reactor-core\3.4.21\reactor-core-3.4.21.jar;D:\apache-maven-3.6.3\maven_repository\org\reactivestreams\reactive-streams\1.0.4\reactive-streams-1.0.4.jar;D:\apache-maven-3.6.3\maven_repository\org\apache\commons\commons-pool2\2.11.1\commons-pool2-2.11.1.jar;D:\apache-maven-3.6.3\maven_repository\com\alibaba\cloud\spring-cloud-starter-alibaba-nacos-discovery\2021.0.1.0\spring-cloud-starter-alibaba-nacos-discovery-2021.0.1.0.jar;D:\apache-maven-3.6.3\maven_repository\com\alibaba\cloud\spring-cloud-alibaba-commons\2021.0.1.0\spring-cloud-alibaba-commons-2021.0.1.0.jar;D:\apache-maven-3.6.3\maven_repository\com\alibaba\nacos\nacos-client\1.4.2\nacos-client-1.4.2.jar;D:\apache-maven-3.6.3\maven_repository\com\alibaba\nacos\nacos-common\1.4.2\nacos-common-1.4.2.jar;D:\apache-maven-3.6.3\maven_repository\commons-io\commons-io\2.7\commons-io-2.7.jar;D:\apache-maven-3.6.3\maven_repository\org\apache\httpcomponents\httpasyncclient\4.1.5\httpasyncclient-4.1.5.jar;D:\apache-maven-3.6.3\maven_repository\org\apache\httpcomponents\httpcore-nio\4.4.15\httpcore-nio-4.4.15.jar;D:\apache-maven-3.6.3\maven_repository\com\alibaba\nacos\nacos-api\1.4.2\nacos-api-1.4.2.jar;D:\apache-maven-3.6.3\maven_repository\com\google\guava\guava\30.1-jre\guava-30.1-jre.jar;D:\apache-maven-3.6.3\maven_repository\com\google\guava\failureaccess\1.0.1\failureaccess-1.0.1.jar;D:\apache-maven-3.6.3\maven_repository\com\google\guava\listenablefuture\9999.0-empty-to-avoid-conflict-with-guava\listenablefuture-9999.0-empty-to-avoid-conflict-with-guava.jar;D:\apache-maven-3.6.3\maven_repository\com\google\code\findbugs\jsr305\3.0.2\jsr305-3.0.2.jar;D:\apache-maven-3.6.3\maven_repository\com\google\j2objc\j2objc-annotations\1.3\j2objc-annotations-1.3.jar;D:\apache-maven-3.6.3\maven_repository\commons-codec\commons-codec\1.15\commons-codec-1.15.jar;D:\apache-maven-3.6.3\maven_repository\com\fasterxml\jackson\core\jackson-core\2.13.3\jackson-core-2.13.3.jar;D:\apache-maven-3.6.3\maven_repository\io\prometheus\simpleclient\0.15.0\simpleclient-0.15.0.jar;D:\apache-maven-3.6.3\maven_repository\io\prometheus\simpleclient_tracer_otel\0.15.0\simpleclient_tracer_otel-0.15.0.jar;D:\apache-maven-3.6.3\maven_repository\io\prometheus\simpleclient_tracer_common\0.15.0\simpleclient_tracer_common-0.15.0.jar;D:\apache-maven-3.6.3\maven_repository\io\prometheus\simpleclient_tracer_otel_agent\0.15.0\simpleclient_tracer_otel_agent-0.15.0.jar;D:\apache-maven-3.6.3\maven_repository\com\alibaba\spring\spring-context-support\1.0.11\spring-context-support-1.0.11.jar;D:\apache-maven-3.6.3\maven_repository\org\springframework\cloud\spring-cloud-commons\3.1.3\spring-cloud-commons-3.1.3.jar;D:\apache-maven-3.6.3\maven_repository\org\springframework\security\spring-security-crypto\5.7.2\spring-security-crypto-5.7.2.jar;D:\apache-maven-3.6.3\maven_repository\org\springframework\cloud\spring-cloud-context\3.1.3\spring-cloud-context-3.1.3.jar;D:\apache-maven-3.6.3\maven_repository\com\alibaba\cloud\spring-cloud-starter-alibaba-nacos-config\2021.0.1.0\spring-cloud-starter-alibaba-nacos-config-2021.0.1.0.jar;C:\Users\dell\Desktop\Java-Study\tjxt-master\tj-auth\tj-auth-resource-sdk\target\tj-auth-resource-sdk-1.0.0.jar;C:\Users\dell\Desktop\Java-Study\tjxt-master\tj-auth\tj-auth-common\target\tj-auth-common-1.0.0.jar;C:\Users\dell\Desktop\Java-Study\tjxt-master\tj-api\target\tj-api-1.0.0.jar;D:\apache-maven-3.6.3\maven_repository\org\springframework\cloud\spring-cloud-starter-openfeign\3.1.3\spring-cloud-starter-openfeign-3.1.3.jar;D:\apache-maven-3.6.3\maven_repository\org\springframework\cloud\spring-cloud-openfeign-core\3.1.3\spring-cloud-openfeign-core-3.1.3.jar;D:\apache-maven-3.6.3\maven_repository\org\springframework\boot\spring-boot-starter-aop\2.7.2\spring-boot-starter-aop-2.7.2.jar;D:\apache-maven-3.6.3\maven_repository\io\github\openfeign\form\feign-form-spring\3.8.0\feign-form-spring-3.8.0.jar;D:\apache-maven-3.6.3\maven_repository\io\github\openfeign\form\feign-form\3.8.0\feign-form-3.8.0.jar;D:\apache-maven-3.6.3\maven_repository\commons-fileupload\commons-fileupload\1.4\commons-fileupload-1.4.jar;D:\apache-maven-3.6.3\maven_repository\io\github\openfeign\feign-core\11.8\feign-core-11.8.jar;D:\apache-maven-3.6.3\maven_repository\io\github\openfeign\feign-slf4j\11.8\feign-slf4j-11.8.jar;D:\apache-maven-3.6.3\maven_repository\io\github\openfeign\feign-httpclient\11.8\feign-httpclient-11.8.jar;D:\apache-maven-3.6.3\maven_repository\org\apache\httpcomponents\httpclient\4.5.13\httpclient-4.5.13.jar;D:\apache-maven-3.6.3\maven_repository\org\apache\httpcomponents\httpcore\4.4.15\httpcore-4.4.15.jar;C:\Users\dell\Desktop\Java-Study\tjxt-master\tj-common\target\tj-common-1.0.0.jar;D:\apache-maven-3.6.3\maven_repository\com\github\xiaoymin\knife4j-spring-boot-starter\3.0.3\knife4j-spring-boot-starter-3.0.3.jar;D:\apache-maven-3.6.3\maven_repository\com\github\xiaoymin\knife4j-spring-boot-autoconfigure\3.0.3\knife4j-spring-boot-autoconfigure-3.0.3.jar;D:\apache-maven-3.6.3\maven_repository\com\github\xiaoymin\knife4j-spring\3.0.3\knife4j-spring-3.0.3.jar;D:\apache-maven-3.6.3\maven_repository\com\github\xiaoymin\knife4j-annotations\3.0.3\knife4j-annotations-3.0.3.jar;D:\apache-maven-3.6.3\maven_repository\io\swagger\swagger-annotations\1.5.22\swagger-annotations-1.5.22.jar;D:\apache-maven-3.6.3\maven_repository\io\swagger\core\v3\swagger-annotations\2.1.2\swagger-annotations-2.1.2.jar;D:\apache-maven-3.6.3\maven_repository\com\github\xiaoymin\knife4j-core\3.0.3\knife4j-core-3.0.3.jar;D:\apache-maven-3.6.3\maven_repository\org\javassist\javassist\3.25.0-GA\javassist-3.25.0-GA.jar;D:\apache-maven-3.6.3\maven_repository\io\springfox\springfox-swagger2\3.0.0\springfox-swagger2-3.0.0.jar;D:\apache-maven-3.6.3\maven_repository\io\springfox\springfox-spi\3.0.0\springfox-spi-3.0.0.jar;D:\apache-maven-3.6.3\maven_repository\io\springfox\springfox-schema\3.0.0\springfox-schema-3.0.0.jar;D:\apache-maven-3.6.3\maven_repository\io\springfox\springfox-swagger-common\3.0.0\springfox-swagger-common-3.0.0.jar;D:\apache-maven-3.6.3\maven_repository\io\springfox\springfox-spring-web\3.0.0\springfox-spring-web-3.0.0.jar;D:\apache-maven-3.6.3\maven_repository\io\github\classgraph\classgraph\4.8.83\classgraph-4.8.83.jar;D:\apache-maven-3.6.3\maven_repository\io\springfox\springfox-spring-webflux\3.0.0\springfox-spring-webflux-3.0.0.jar;D:\apache-maven-3.6.3\maven_repository\org\mapstruct\mapstruct\1.3.1.Final\mapstruct-1.3.1.Final.jar;D:\apache-maven-3.6.3\maven_repository\io\springfox\springfox-spring-webmvc\3.0.0\springfox-spring-webmvc-3.0.0.jar;D:\apache-maven-3.6.3\maven_repository\io\springfox\springfox-core\3.0.0\springfox-core-3.0.0.jar;D:\apache-maven-3.6.3\maven_repository\io\springfox\springfox-oas\3.0.0\springfox-oas-3.0.0.jar;D:\apache-maven-3.6.3\maven_repository\io\swagger\core\v3\swagger-models\2.1.2\swagger-models-2.1.2.jar;D:\apache-maven-3.6.3\maven_repository\io\springfox\springfox-bean-validators\3.0.0\springfox-bean-validators-3.0.0.jar;D:\apache-maven-3.6.3\maven_repository\io\swagger\swagger-models\1.5.22\swagger-models-1.5.22.jar;D:\apache-maven-3.6.3\maven_repository\io\swagger\swagger-core\1.5.22\swagger-core-1.5.22.jar;D:\apache-maven-3.6.3\maven_repository\org\apache\commons\commons-lang3\3.12.0\commons-lang3-3.12.0.jar;D:\apache-maven-3.6.3\maven_repository\com\fasterxml\jackson\dataformat\jackson-dataformat-yaml\2.13.3\jackson-dataformat-yaml-2.13.3.jar;D:\apache-maven-3.6.3\maven_repository\javax\validation\validation-api\2.0.1.Final\validation-api-2.0.1.Final.jar;D:\apache-maven-3.6.3\maven_repository\io\springfox\springfox-boot-starter\3.0.0\springfox-boot-starter-3.0.0.jar;D:\apache-maven-3.6.3\maven_repository\io\springfox\springfox-data-rest\3.0.0\springfox-data-rest-3.0.0.jar;D:\apache-maven-3.6.3\maven_repository\org\springframework\plugin\spring-plugin-core\2.0.0.RELEASE\spring-plugin-core-2.0.0.RELEASE.jar;D:\apache-maven-3.6.3\maven_repository\org\springframework\plugin\spring-plugin-metadata\2.0.0.RELEASE\spring-plugin-metadata-2.0.0.RELEASE.jar;D:\apache-maven-3.6.3\maven_repository\com\github\xiaoymin\knife4j-spring-ui\3.0.3\knife4j-spring-ui-3.0.3.jar;D:\apache-maven-3.6.3\maven_repository\cn\hutool\hutool-all\5.7.17\hutool-all-5.7.17.jar;D:\apache-maven-3.6.3\maven_repository\org\aspectj\aspectjweaver\1.9.7\aspectjweaver-1.9.7.jar;D:\apache-maven-3.6.3\maven_repository\org\hibernate\validator\hibernate-validator\6.2.3.Final\hibernate-validator-6.2.3.Final.jar;D:\apache-maven-3.6.3\maven_repository\jakarta\validation\jakarta.validation-api\2.0.2\jakarta.validation-api-2.0.2.jar;D:\apache-maven-3.6.3\maven_repository\org\jboss\logging\jboss-logging\3.4.3.Final\jboss-logging-3.4.3.Final.jar;D:\apache-maven-3.6.3\maven_repository\com\fasterxml\classmate\1.5.1\classmate-1.5.1.jar;D:\apache-maven-3.6.3\maven_repository\com\github\ben-manes\caffeine\caffeine\2.9.3\caffeine-2.9.3.jar;D:\apache-maven-3.6.3\maven_repository\org\checkerframework\checker-qual\3.19.0\checker-qual-3.19.0.jar;D:\apache-maven-3.6.3\maven_repository\com\google\errorprone\error_prone_annotations\2.10.0\error_prone_annotations-2.10.0.jar;D:\apache-maven-3.6.3\maven_repository\com\alibaba\cloud\spring-cloud-starter-alibaba-sentinel\2021.0.1.0\spring-cloud-starter-alibaba-sentinel-2021.0.1.0.jar;D:\apache-maven-3.6.3\maven_repository\com\alibaba\csp\sentinel-transport-simple-http\1.8.3\sentinel-transport-simple-http-1.8.3.jar;D:\apache-maven-3.6.3\maven_repository\com\alibaba\csp\sentinel-transport-common\1.8.3\sentinel-transport-common-1.8.3.jar;D:\apache-maven-3.6.3\maven_repository\com\alibaba\csp\sentinel-datasource-extension\1.8.3\sentinel-datasource-extension-1.8.3.jar;D:\apache-maven-3.6.3\maven_repository\com\alibaba\fastjson\1.2.75\fastjson-1.2.75.jar;D:\apache-maven-3.6.3\maven_repository\com\alibaba\csp\sentinel-annotation-aspectj\1.8.3\sentinel-annotation-aspectj-1.8.3.jar;D:\apache-maven-3.6.3\maven_repository\com\alibaba\csp\sentinel-core\1.8.3\sentinel-core-1.8.3.jar;D:\apache-maven-3.6.3\maven_repository\com\alibaba\cloud\spring-cloud-circuitbreaker-sentinel\2021.0.1.0\spring-cloud-circuitbreaker-sentinel-2021.0.1.0.jar;D:\apache-maven-3.6.3\maven_repository\com\alibaba\csp\sentinel-reactor-adapter\1.8.3\sentinel-reactor-adapter-1.8.3.jar;D:\apache-maven-3.6.3\maven_repository\com\alibaba\csp\sentinel-spring-webflux-adapter\1.8.3\sentinel-spring-webflux-adapter-1.8.3.jar;D:\apache-maven-3.6.3\maven_repository\com\alibaba\csp\sentinel-spring-webmvc-adapter\1.8.3\sentinel-spring-webmvc-adapter-1.8.3.jar;D:\apache-maven-3.6.3\maven_repository\com\alibaba\csp\sentinel-parameter-flow-control\1.8.3\sentinel-parameter-flow-control-1.8.3.jar;D:\apache-maven-3.6.3\maven_repository\com\googlecode\concurrentlinkedhashmap\concurrentlinkedhashmap-lru\1.4.2\concurrentlinkedhashmap-lru-1.4.2.jar;D:\apache-maven-3.6.3\maven_repository\com\alibaba\csp\sentinel-cluster-server-default\1.8.3\sentinel-cluster-server-default-1.8.3.jar;D:\apache-maven-3.6.3\maven_repository\com\alibaba\csp\sentinel-cluster-common-default\1.8.3\sentinel-cluster-common-default-1.8.3.jar;D:\apache-maven-3.6.3\maven_repository\com\alibaba\csp\sentinel-cluster-client-default\1.8.3\sentinel-cluster-client-default-1.8.3.jar;D:\apache-maven-3.6.3\maven_repository\com\alibaba\cloud\spring-cloud-alibaba-sentinel-datasource\2021.0.1.0\spring-cloud-alibaba-sentinel-datasource-2021.0.1.0.jar;C:\Users\dell\Desktop\Java-Study\tjxt-master\tj-message\tj-message-api\target\tj-message-api-1.0.0.jar;C:\Users\dell\Desktop\Java-Study\tjxt-master\tj-message\tj-message-domain\target\tj-message-domain-1.0.0.jar;D:\apache-maven-3.6.3\maven_repository\org\springframework\boot\spring-boot-starter-amqp\2.7.2\spring-boot-starter-amqp-2.7.2.jar;D:\apache-maven-3.6.3\maven_repository\org\springframework\spring-messaging\5.3.22\spring-messaging-5.3.22.jar;D:\apache-maven-3.6.3\maven_repository\org\springframework\amqp\spring-rabbit\2.4.6\spring-rabbit-2.4.6.jar;D:\apache-maven-3.6.3\maven_repository\org\springframework\amqp\spring-amqp\2.4.6\spring-amqp-2.4.6.jar;D:\apache-maven-3.6.3\maven_repository\org\springframework\retry\spring-retry\1.3.3\spring-retry-1.3.3.jar;D:\apache-maven-3.6.3\maven_repository\com\rabbitmq\amqp-client\5.14.2\amqp-client-5.14.2.jar;D:\apache-maven-3.6.3\maven_repository\org\springframework\cloud\spring-cloud-starter-loadbalancer\3.1.3\spring-cloud-starter-loadbalancer-3.1.3.jar;D:\apache-maven-3.6.3\maven_repository\org\springframework\cloud\spring-cloud-starter\3.1.3\spring-cloud-starter-3.1.3.jar;D:\apache-maven-3.6.3\maven_repository\org\springframework\security\spring-security-rsa\1.0.10.RELEASE\spring-security-rsa-1.0.10.RELEASE.jar;D:\apache-maven-3.6.3\maven_repository\org\bouncycastle\bcpkix-jdk15on\1.68\bcpkix-jdk15on-1.68.jar;D:\apache-maven-3.6.3\maven_repository\org\bouncycastle\bcprov-jdk15on\1.68\bcprov-jdk15on-1.68.jar;D:\apache-maven-3.6.3\maven_repository\org\springframework\cloud\spring-cloud-loadbalancer\3.1.3\spring-cloud-loadbalancer-3.1.3.jar;D:\apache-maven-3.6.3\maven_repository\io\projectreactor\addons\reactor-extra\3.4.8\reactor-extra-3.4.8.jar;D:\apache-maven-3.6.3\maven_repository\org\springframework\boot\spring-boot-starter-cache\2.7.2\spring-boot-starter-cache-2.7.2.jar;D:\apache-maven-3.6.3\maven_repository\com\stoyanr\evictor\1.0.0\evictor-1.0.0.jar;D:\apache-maven-3.6.3\maven_repository\org\projectlombok\lombok\1.18.20\lombok-1.18.20.jar;D:\apache-maven-3.6.3\maven_repository\org\springframework\boot\spring-boot-starter-test\2.7.2\spring-boot-starter-test-2.7.2.jar;D:\apache-maven-3.6.3\maven_repository\org\springframework\boot\spring-boot-test\2.7.2\spring-boot-test-2.7.2.jar;D:\apache-maven-3.6.3\maven_repository\org\springframework\boot\spring-boot-test-autoconfigure\2.7.2\spring-boot-test-autoconfigure-2.7.2.jar;D:\apache-maven-3.6.3\maven_repository\com\jayway\jsonpath\json-path\2.7.0\json-path-2.7.0.jar;D:\apache-maven-3.6.3\maven_repository\net\minidev\json-smart\2.4.8\json-smart-2.4.8.jar;D:\apache-maven-3.6.3\maven_repository\net\minidev\accessors-smart\2.4.8\accessors-smart-2.4.8.jar;D:\apache-maven-3.6.3\maven_repository\org\ow2\asm\asm\9.1\asm-9.1.jar;D:\apache-maven-3.6.3\maven_repository\jakarta\xml\bind\jakarta.xml.bind-api\2.3.3\jakarta.xml.bind-api-2.3.3.jar;D:\apache-maven-3.6.3\maven_repository\jakarta\activation\jakarta.activation-api\1.2.2\jakarta.activation-api-1.2.2.jar;D:\apache-maven-3.6.3\maven_repository\org\assertj\assertj-core\3.22.0\assertj-core-3.22.0.jar;D:\apache-maven-3.6.3\maven_repository\org\hamcrest\hamcrest\2.2\hamcrest-2.2.jar;D:\apache-maven-3.6.3\maven_repository\org\junit\jupiter\junit-jupiter\5.8.2\junit-jupiter-5.8.2.jar;D:\apache-maven-3.6.3\maven_repository\org\junit\jupiter\junit-jupiter-api\5.8.2\junit-jupiter-api-5.8.2.jar;D:\apache-maven-3.6.3\maven_repository\org\opentest4j\opentest4j\1.2.0\opentest4j-1.2.0.jar;D:\apache-maven-3.6.3\maven_repository\org\junit\platform\junit-platform-commons\1.8.2\junit-platform-commons-1.8.2.jar;D:\apache-maven-3.6.3\maven_repository\org\apiguardian\apiguardian-api\1.1.2\apiguardian-api-1.1.2.jar;D:\apache-maven-3.6.3\maven_repository\org\junit\jupiter\junit-jupiter-params\5.8.2\junit-jupiter-params-5.8.2.jar;D:\apache-maven-3.6.3\maven_repository\org\junit\jupiter\junit-jupiter-engine\5.8.2\junit-jupiter-engine-5.8.2.jar;D:\apache-maven-3.6.3\maven_repository\org\junit\platform\junit-platform-engine\1.8.2\junit-platform-engine-1.8.2.jar;D:\apache-maven-3.6.3\maven_repository\org\mockito\mockito-core\4.5.1\mockito-core-4.5.1.jar;D:\apache-maven-3.6.3\maven_repository\net\bytebuddy\byte-buddy\1.12.12\byte-buddy-1.12.12.jar;D:\apache-maven-3.6.3\maven_repository\net\bytebuddy\byte-buddy-agent\1.12.12\byte-buddy-agent-1.12.12.jar;D:\apache-maven-3.6.3\maven_repository\org\objenesis\objenesis\3.2\objenesis-3.2.jar;D:\apache-maven-3.6.3\maven_repository\org\mockito\mockito-junit-jupiter\4.5.1\mockito-junit-jupiter-4.5.1.jar;D:\apache-maven-3.6.3\maven_repository\org\skyscreamer\jsonassert\1.5.1\jsonassert-1.5.1.jar;D:\apache-maven-3.6.3\maven_repository\com\vaadin\external\google\android-json\0.0.20131108.vaadin1\android-json-0.0.20131108.vaadin1.jar;D:\apache-maven-3.6.3\maven_repository\org\springframework\spring-core\5.3.22\spring-core-5.3.22.jar;D:\apache-maven-3.6.3\maven_repository\org\springframework\spring-jcl\5.3.22\spring-jcl-5.3.22.jar;D:\apache-maven-3.6.3\maven_repository\org\springframework\spring-test\5.3.22\spring-test-5.3.22.jar;D:\apache-maven-3.6.3\maven_repository\org\xmlunit\xmlunit-core\2.9.0\xmlunit-core-2.9.0.jar;D:\apache-maven-3.6.3\maven_repository\org\springframework\cloud\spring-cloud-starter-bootstrap\3.1.3\spring-cloud-starter-bootstrap-3.1.3.jar;"/>
    <property name="java.vm.vendor" value="Amazon.com Inc."/>
    <property name="sun.arch.data.model" value="64"/>
    <property name="user.variant" value=""/>
    <property name="java.vendor.url" value="https://aws.amazon.com/corretto/"/>
    <property name="user.timezone" value="Asia/Shanghai"/>
    <property name="os.name" value="Windows 11"/>
    <property name="java.vm.specification.version" value="17"/>
    <property name="sun.java.launcher" value="SUN_STANDARD"/>
    <property name="user.country" value="CN"/>
    <property name="sun.boot.library.path" value="D:\java-environment\jdk17\bin"/>
    <property name="sun.java.command" value="C:\Users\dell\AppData\Local\Temp\surefire5955026939973980962\surefirebooter11455986600999751307.jar C:\Users\dell\AppData\Local\Temp\surefire5955026939973980962 2023-07-03T11-15-08_429-jvmRun1 surefire621044694881625784tmp surefire_016533103900109900925tmp"/>
    <property name="jdk.debug" value="release"/>
    <property name="surefire.test.class.path" value="C:\Users\dell\Desktop\Java-Study\tjxt-master\tj-user\target\test-classes;C:\Users\dell\Desktop\Java-Study\tjxt-master\tj-user\target\classes;D:\apache-maven-3.6.3\maven_repository\org\springframework\boot\spring-boot-starter-web\2.7.2\spring-boot-starter-web-2.7.2.jar;D:\apache-maven-3.6.3\maven_repository\org\springframework\boot\spring-boot-starter\2.7.2\spring-boot-starter-2.7.2.jar;D:\apache-maven-3.6.3\maven_repository\org\springframework\boot\spring-boot\2.7.2\spring-boot-2.7.2.jar;D:\apache-maven-3.6.3\maven_repository\org\springframework\boot\spring-boot-starter-logging\2.7.2\spring-boot-starter-logging-2.7.2.jar;D:\apache-maven-3.6.3\maven_repository\ch\qos\logback\logback-classic\1.2.11\logback-classic-1.2.11.jar;D:\apache-maven-3.6.3\maven_repository\ch\qos\logback\logback-core\1.2.11\logback-core-1.2.11.jar;D:\apache-maven-3.6.3\maven_repository\org\apache\logging\log4j\log4j-to-slf4j\2.17.2\log4j-to-slf4j-2.17.2.jar;D:\apache-maven-3.6.3\maven_repository\org\apache\logging\log4j\log4j-api\2.17.2\log4j-api-2.17.2.jar;D:\apache-maven-3.6.3\maven_repository\org\slf4j\jul-to-slf4j\1.7.36\jul-to-slf4j-1.7.36.jar;D:\apache-maven-3.6.3\maven_repository\jakarta\annotation\jakarta.annotation-api\1.3.5\jakarta.annotation-api-1.3.5.jar;D:\apache-maven-3.6.3\maven_repository\org\yaml\snakeyaml\1.30\snakeyaml-1.30.jar;D:\apache-maven-3.6.3\maven_repository\org\springframework\boot\spring-boot-starter-json\2.7.2\spring-boot-starter-json-2.7.2.jar;D:\apache-maven-3.6.3\maven_repository\com\fasterxml\jackson\core\jackson-databind\2.13.3\jackson-databind-2.13.3.jar;D:\apache-maven-3.6.3\maven_repository\com\fasterxml\jackson\core\jackson-annotations\2.13.3\jackson-annotations-2.13.3.jar;D:\apache-maven-3.6.3\maven_repository\com\fasterxml\jackson\datatype\jackson-datatype-jdk8\2.13.3\jackson-datatype-jdk8-2.13.3.jar;D:\apache-maven-3.6.3\maven_repository\com\fasterxml\jackson\datatype\jackson-datatype-jsr310\2.13.3\jackson-datatype-jsr310-2.13.3.jar;D:\apache-maven-3.6.3\maven_repository\com\fasterxml\jackson\module\jackson-module-parameter-names\2.13.3\jackson-module-parameter-names-2.13.3.jar;D:\apache-maven-3.6.3\maven_repository\org\springframework\boot\spring-boot-starter-tomcat\2.7.2\spring-boot-starter-tomcat-2.7.2.jar;D:\apache-maven-3.6.3\maven_repository\org\apache\tomcat\embed\tomcat-embed-core\9.0.65\tomcat-embed-core-9.0.65.jar;D:\apache-maven-3.6.3\maven_repository\org\apache\tomcat\embed\tomcat-embed-el\9.0.65\tomcat-embed-el-9.0.65.jar;D:\apache-maven-3.6.3\maven_repository\org\apache\tomcat\embed\tomcat-embed-websocket\9.0.65\tomcat-embed-websocket-9.0.65.jar;D:\apache-maven-3.6.3\maven_repository\org\springframework\spring-web\5.3.22\spring-web-5.3.22.jar;D:\apache-maven-3.6.3\maven_repository\org\springframework\spring-beans\5.3.22\spring-beans-5.3.22.jar;D:\apache-maven-3.6.3\maven_repository\org\springframework\spring-webmvc\5.3.22\spring-webmvc-5.3.22.jar;D:\apache-maven-3.6.3\maven_repository\org\springframework\spring-aop\5.3.22\spring-aop-5.3.22.jar;D:\apache-maven-3.6.3\maven_repository\org\springframework\spring-context\5.3.22\spring-context-5.3.22.jar;D:\apache-maven-3.6.3\maven_repository\org\springframework\spring-expression\5.3.22\spring-expression-5.3.22.jar;D:\apache-maven-3.6.3\maven_repository\com\baomidou\mybatis-plus-boot-starter\3.4.3\mybatis-plus-boot-starter-3.4.3.jar;D:\apache-maven-3.6.3\maven_repository\com\baomidou\mybatis-plus\3.4.3\mybatis-plus-3.4.3.jar;D:\apache-maven-3.6.3\maven_repository\com\baomidou\mybatis-plus-extension\3.4.3\mybatis-plus-extension-3.4.3.jar;D:\apache-maven-3.6.3\maven_repository\com\baomidou\mybatis-plus-core\3.4.3\mybatis-plus-core-3.4.3.jar;D:\apache-maven-3.6.3\maven_repository\com\baomidou\mybatis-plus-annotation\3.4.3\mybatis-plus-annotation-3.4.3.jar;D:\apache-maven-3.6.3\maven_repository\com\github\jsqlparser\jsqlparser\4.0\jsqlparser-4.0.jar;D:\apache-maven-3.6.3\maven_repository\org\mybatis\mybatis\3.5.7\mybatis-3.5.7.jar;D:\apache-maven-3.6.3\maven_repository\org\mybatis\mybatis-spring\2.0.6\mybatis-spring-2.0.6.jar;D:\apache-maven-3.6.3\maven_repository\org\springframework\boot\spring-boot-autoconfigure\2.7.2\spring-boot-autoconfigure-2.7.2.jar;D:\apache-maven-3.6.3\maven_repository\org\springframework\boot\spring-boot-starter-jdbc\2.7.2\spring-boot-starter-jdbc-2.7.2.jar;D:\apache-maven-3.6.3\maven_repository\com\zaxxer\HikariCP\4.0.3\HikariCP-4.0.3.jar;D:\apache-maven-3.6.3\maven_repository\org\springframework\spring-jdbc\5.3.22\spring-jdbc-5.3.22.jar;D:\apache-maven-3.6.3\maven_repository\mysql\mysql-connector-java\8.0.23\mysql-connector-java-8.0.23.jar;D:\apache-maven-3.6.3\maven_repository\com\google\protobuf\protobuf-java\3.11.4\protobuf-java-3.11.4.jar;D:\apache-maven-3.6.3\maven_repository\org\springframework\boot\spring-boot-starter-data-redis\2.7.2\spring-boot-starter-data-redis-2.7.2.jar;D:\apache-maven-3.6.3\maven_repository\org\springframework\data\spring-data-redis\2.7.2\spring-data-redis-2.7.2.jar;D:\apache-maven-3.6.3\maven_repository\org\springframework\data\spring-data-keyvalue\2.7.2\spring-data-keyvalue-2.7.2.jar;D:\apache-maven-3.6.3\maven_repository\org\springframework\data\spring-data-commons\2.7.2\spring-data-commons-2.7.2.jar;D:\apache-maven-3.6.3\maven_repository\org\springframework\spring-tx\5.3.22\spring-tx-5.3.22.jar;D:\apache-maven-3.6.3\maven_repository\org\springframework\spring-oxm\5.3.22\spring-oxm-5.3.22.jar;D:\apache-maven-3.6.3\maven_repository\org\springframework\spring-context-support\5.3.22\spring-context-support-5.3.22.jar;D:\apache-maven-3.6.3\maven_repository\org\slf4j\slf4j-api\1.7.36\slf4j-api-1.7.36.jar;D:\apache-maven-3.6.3\maven_repository\io\lettuce\lettuce-core\6.1.9.RELEASE\lettuce-core-6.1.9.RELEASE.jar;D:\apache-maven-3.6.3\maven_repository\io\netty\netty-common\4.1.79.Final\netty-common-4.1.79.Final.jar;D:\apache-maven-3.6.3\maven_repository\io\netty\netty-handler\4.1.79.Final\netty-handler-4.1.79.Final.jar;D:\apache-maven-3.6.3\maven_repository\io\netty\netty-resolver\4.1.79.Final\netty-resolver-4.1.79.Final.jar;D:\apache-maven-3.6.3\maven_repository\io\netty\netty-buffer\4.1.79.Final\netty-buffer-4.1.79.Final.jar;D:\apache-maven-3.6.3\maven_repository\io\netty\netty-transport-native-unix-common\4.1.79.Final\netty-transport-native-unix-common-4.1.79.Final.jar;D:\apache-maven-3.6.3\maven_repository\io\netty\netty-codec\4.1.79.Final\netty-codec-4.1.79.Final.jar;D:\apache-maven-3.6.3\maven_repository\io\netty\netty-transport\4.1.79.Final\netty-transport-4.1.79.Final.jar;D:\apache-maven-3.6.3\maven_repository\io\projectreactor\reactor-core\3.4.21\reactor-core-3.4.21.jar;D:\apache-maven-3.6.3\maven_repository\org\reactivestreams\reactive-streams\1.0.4\reactive-streams-1.0.4.jar;D:\apache-maven-3.6.3\maven_repository\org\apache\commons\commons-pool2\2.11.1\commons-pool2-2.11.1.jar;D:\apache-maven-3.6.3\maven_repository\com\alibaba\cloud\spring-cloud-starter-alibaba-nacos-discovery\2021.0.1.0\spring-cloud-starter-alibaba-nacos-discovery-2021.0.1.0.jar;D:\apache-maven-3.6.3\maven_repository\com\alibaba\cloud\spring-cloud-alibaba-commons\2021.0.1.0\spring-cloud-alibaba-commons-2021.0.1.0.jar;D:\apache-maven-3.6.3\maven_repository\com\alibaba\nacos\nacos-client\1.4.2\nacos-client-1.4.2.jar;D:\apache-maven-3.6.3\maven_repository\com\alibaba\nacos\nacos-common\1.4.2\nacos-common-1.4.2.jar;D:\apache-maven-3.6.3\maven_repository\commons-io\commons-io\2.7\commons-io-2.7.jar;D:\apache-maven-3.6.3\maven_repository\org\apache\httpcomponents\httpasyncclient\4.1.5\httpasyncclient-4.1.5.jar;D:\apache-maven-3.6.3\maven_repository\org\apache\httpcomponents\httpcore-nio\4.4.15\httpcore-nio-4.4.15.jar;D:\apache-maven-3.6.3\maven_repository\com\alibaba\nacos\nacos-api\1.4.2\nacos-api-1.4.2.jar;D:\apache-maven-3.6.3\maven_repository\com\google\guava\guava\30.1-jre\guava-30.1-jre.jar;D:\apache-maven-3.6.3\maven_repository\com\google\guava\failureaccess\1.0.1\failureaccess-1.0.1.jar;D:\apache-maven-3.6.3\maven_repository\com\google\guava\listenablefuture\9999.0-empty-to-avoid-conflict-with-guava\listenablefuture-9999.0-empty-to-avoid-conflict-with-guava.jar;D:\apache-maven-3.6.3\maven_repository\com\google\code\findbugs\jsr305\3.0.2\jsr305-3.0.2.jar;D:\apache-maven-3.6.3\maven_repository\com\google\j2objc\j2objc-annotations\1.3\j2objc-annotations-1.3.jar;D:\apache-maven-3.6.3\maven_repository\commons-codec\commons-codec\1.15\commons-codec-1.15.jar;D:\apache-maven-3.6.3\maven_repository\com\fasterxml\jackson\core\jackson-core\2.13.3\jackson-core-2.13.3.jar;D:\apache-maven-3.6.3\maven_repository\io\prometheus\simpleclient\0.15.0\simpleclient-0.15.0.jar;D:\apache-maven-3.6.3\maven_repository\io\prometheus\simpleclient_tracer_otel\0.15.0\simpleclient_tracer_otel-0.15.0.jar;D:\apache-maven-3.6.3\maven_repository\io\prometheus\simpleclient_tracer_common\0.15.0\simpleclient_tracer_common-0.15.0.jar;D:\apache-maven-3.6.3\maven_repository\io\prometheus\simpleclient_tracer_otel_agent\0.15.0\simpleclient_tracer_otel_agent-0.15.0.jar;D:\apache-maven-3.6.3\maven_repository\com\alibaba\spring\spring-context-support\1.0.11\spring-context-support-1.0.11.jar;D:\apache-maven-3.6.3\maven_repository\org\springframework\cloud\spring-cloud-commons\3.1.3\spring-cloud-commons-3.1.3.jar;D:\apache-maven-3.6.3\maven_repository\org\springframework\security\spring-security-crypto\5.7.2\spring-security-crypto-5.7.2.jar;D:\apache-maven-3.6.3\maven_repository\org\springframework\cloud\spring-cloud-context\3.1.3\spring-cloud-context-3.1.3.jar;D:\apache-maven-3.6.3\maven_repository\com\alibaba\cloud\spring-cloud-starter-alibaba-nacos-config\2021.0.1.0\spring-cloud-starter-alibaba-nacos-config-2021.0.1.0.jar;C:\Users\dell\Desktop\Java-Study\tjxt-master\tj-auth\tj-auth-resource-sdk\target\tj-auth-resource-sdk-1.0.0.jar;C:\Users\dell\Desktop\Java-Study\tjxt-master\tj-auth\tj-auth-common\target\tj-auth-common-1.0.0.jar;C:\Users\dell\Desktop\Java-Study\tjxt-master\tj-api\target\tj-api-1.0.0.jar;D:\apache-maven-3.6.3\maven_repository\org\springframework\cloud\spring-cloud-starter-openfeign\3.1.3\spring-cloud-starter-openfeign-3.1.3.jar;D:\apache-maven-3.6.3\maven_repository\org\springframework\cloud\spring-cloud-openfeign-core\3.1.3\spring-cloud-openfeign-core-3.1.3.jar;D:\apache-maven-3.6.3\maven_repository\org\springframework\boot\spring-boot-starter-aop\2.7.2\spring-boot-starter-aop-2.7.2.jar;D:\apache-maven-3.6.3\maven_repository\io\github\openfeign\form\feign-form-spring\3.8.0\feign-form-spring-3.8.0.jar;D:\apache-maven-3.6.3\maven_repository\io\github\openfeign\form\feign-form\3.8.0\feign-form-3.8.0.jar;D:\apache-maven-3.6.3\maven_repository\commons-fileupload\commons-fileupload\1.4\commons-fileupload-1.4.jar;D:\apache-maven-3.6.3\maven_repository\io\github\openfeign\feign-core\11.8\feign-core-11.8.jar;D:\apache-maven-3.6.3\maven_repository\io\github\openfeign\feign-slf4j\11.8\feign-slf4j-11.8.jar;D:\apache-maven-3.6.3\maven_repository\io\github\openfeign\feign-httpclient\11.8\feign-httpclient-11.8.jar;D:\apache-maven-3.6.3\maven_repository\org\apache\httpcomponents\httpclient\4.5.13\httpclient-4.5.13.jar;D:\apache-maven-3.6.3\maven_repository\org\apache\httpcomponents\httpcore\4.4.15\httpcore-4.4.15.jar;C:\Users\dell\Desktop\Java-Study\tjxt-master\tj-common\target\tj-common-1.0.0.jar;D:\apache-maven-3.6.3\maven_repository\com\github\xiaoymin\knife4j-spring-boot-starter\3.0.3\knife4j-spring-boot-starter-3.0.3.jar;D:\apache-maven-3.6.3\maven_repository\com\github\xiaoymin\knife4j-spring-boot-autoconfigure\3.0.3\knife4j-spring-boot-autoconfigure-3.0.3.jar;D:\apache-maven-3.6.3\maven_repository\com\github\xiaoymin\knife4j-spring\3.0.3\knife4j-spring-3.0.3.jar;D:\apache-maven-3.6.3\maven_repository\com\github\xiaoymin\knife4j-annotations\3.0.3\knife4j-annotations-3.0.3.jar;D:\apache-maven-3.6.3\maven_repository\io\swagger\swagger-annotations\1.5.22\swagger-annotations-1.5.22.jar;D:\apache-maven-3.6.3\maven_repository\io\swagger\core\v3\swagger-annotations\2.1.2\swagger-annotations-2.1.2.jar;D:\apache-maven-3.6.3\maven_repository\com\github\xiaoymin\knife4j-core\3.0.3\knife4j-core-3.0.3.jar;D:\apache-maven-3.6.3\maven_repository\org\javassist\javassist\3.25.0-GA\javassist-3.25.0-GA.jar;D:\apache-maven-3.6.3\maven_repository\io\springfox\springfox-swagger2\3.0.0\springfox-swagger2-3.0.0.jar;D:\apache-maven-3.6.3\maven_repository\io\springfox\springfox-spi\3.0.0\springfox-spi-3.0.0.jar;D:\apache-maven-3.6.3\maven_repository\io\springfox\springfox-schema\3.0.0\springfox-schema-3.0.0.jar;D:\apache-maven-3.6.3\maven_repository\io\springfox\springfox-swagger-common\3.0.0\springfox-swagger-common-3.0.0.jar;D:\apache-maven-3.6.3\maven_repository\io\springfox\springfox-spring-web\3.0.0\springfox-spring-web-3.0.0.jar;D:\apache-maven-3.6.3\maven_repository\io\github\classgraph\classgraph\4.8.83\classgraph-4.8.83.jar;D:\apache-maven-3.6.3\maven_repository\io\springfox\springfox-spring-webflux\3.0.0\springfox-spring-webflux-3.0.0.jar;D:\apache-maven-3.6.3\maven_repository\org\mapstruct\mapstruct\1.3.1.Final\mapstruct-1.3.1.Final.jar;D:\apache-maven-3.6.3\maven_repository\io\springfox\springfox-spring-webmvc\3.0.0\springfox-spring-webmvc-3.0.0.jar;D:\apache-maven-3.6.3\maven_repository\io\springfox\springfox-core\3.0.0\springfox-core-3.0.0.jar;D:\apache-maven-3.6.3\maven_repository\io\springfox\springfox-oas\3.0.0\springfox-oas-3.0.0.jar;D:\apache-maven-3.6.3\maven_repository\io\swagger\core\v3\swagger-models\2.1.2\swagger-models-2.1.2.jar;D:\apache-maven-3.6.3\maven_repository\io\springfox\springfox-bean-validators\3.0.0\springfox-bean-validators-3.0.0.jar;D:\apache-maven-3.6.3\maven_repository\io\swagger\swagger-models\1.5.22\swagger-models-1.5.22.jar;D:\apache-maven-3.6.3\maven_repository\io\swagger\swagger-core\1.5.22\swagger-core-1.5.22.jar;D:\apache-maven-3.6.3\maven_repository\org\apache\commons\commons-lang3\3.12.0\commons-lang3-3.12.0.jar;D:\apache-maven-3.6.3\maven_repository\com\fasterxml\jackson\dataformat\jackson-dataformat-yaml\2.13.3\jackson-dataformat-yaml-2.13.3.jar;D:\apache-maven-3.6.3\maven_repository\javax\validation\validation-api\2.0.1.Final\validation-api-2.0.1.Final.jar;D:\apache-maven-3.6.3\maven_repository\io\springfox\springfox-boot-starter\3.0.0\springfox-boot-starter-3.0.0.jar;D:\apache-maven-3.6.3\maven_repository\io\springfox\springfox-data-rest\3.0.0\springfox-data-rest-3.0.0.jar;D:\apache-maven-3.6.3\maven_repository\org\springframework\plugin\spring-plugin-core\2.0.0.RELEASE\spring-plugin-core-2.0.0.RELEASE.jar;D:\apache-maven-3.6.3\maven_repository\org\springframework\plugin\spring-plugin-metadata\2.0.0.RELEASE\spring-plugin-metadata-2.0.0.RELEASE.jar;D:\apache-maven-3.6.3\maven_repository\com\github\xiaoymin\knife4j-spring-ui\3.0.3\knife4j-spring-ui-3.0.3.jar;D:\apache-maven-3.6.3\maven_repository\cn\hutool\hutool-all\5.7.17\hutool-all-5.7.17.jar;D:\apache-maven-3.6.3\maven_repository\org\aspectj\aspectjweaver\1.9.7\aspectjweaver-1.9.7.jar;D:\apache-maven-3.6.3\maven_repository\org\hibernate\validator\hibernate-validator\6.2.3.Final\hibernate-validator-6.2.3.Final.jar;D:\apache-maven-3.6.3\maven_repository\jakarta\validation\jakarta.validation-api\2.0.2\jakarta.validation-api-2.0.2.jar;D:\apache-maven-3.6.3\maven_repository\org\jboss\logging\jboss-logging\3.4.3.Final\jboss-logging-3.4.3.Final.jar;D:\apache-maven-3.6.3\maven_repository\com\fasterxml\classmate\1.5.1\classmate-1.5.1.jar;D:\apache-maven-3.6.3\maven_repository\com\github\ben-manes\caffeine\caffeine\2.9.3\caffeine-2.9.3.jar;D:\apache-maven-3.6.3\maven_repository\org\checkerframework\checker-qual\3.19.0\checker-qual-3.19.0.jar;D:\apache-maven-3.6.3\maven_repository\com\google\errorprone\error_prone_annotations\2.10.0\error_prone_annotations-2.10.0.jar;D:\apache-maven-3.6.3\maven_repository\com\alibaba\cloud\spring-cloud-starter-alibaba-sentinel\2021.0.1.0\spring-cloud-starter-alibaba-sentinel-2021.0.1.0.jar;D:\apache-maven-3.6.3\maven_repository\com\alibaba\csp\sentinel-transport-simple-http\1.8.3\sentinel-transport-simple-http-1.8.3.jar;D:\apache-maven-3.6.3\maven_repository\com\alibaba\csp\sentinel-transport-common\1.8.3\sentinel-transport-common-1.8.3.jar;D:\apache-maven-3.6.3\maven_repository\com\alibaba\csp\sentinel-datasource-extension\1.8.3\sentinel-datasource-extension-1.8.3.jar;D:\apache-maven-3.6.3\maven_repository\com\alibaba\fastjson\1.2.75\fastjson-1.2.75.jar;D:\apache-maven-3.6.3\maven_repository\com\alibaba\csp\sentinel-annotation-aspectj\1.8.3\sentinel-annotation-aspectj-1.8.3.jar;D:\apache-maven-3.6.3\maven_repository\com\alibaba\csp\sentinel-core\1.8.3\sentinel-core-1.8.3.jar;D:\apache-maven-3.6.3\maven_repository\com\alibaba\cloud\spring-cloud-circuitbreaker-sentinel\2021.0.1.0\spring-cloud-circuitbreaker-sentinel-2021.0.1.0.jar;D:\apache-maven-3.6.3\maven_repository\com\alibaba\csp\sentinel-reactor-adapter\1.8.3\sentinel-reactor-adapter-1.8.3.jar;D:\apache-maven-3.6.3\maven_repository\com\alibaba\csp\sentinel-spring-webflux-adapter\1.8.3\sentinel-spring-webflux-adapter-1.8.3.jar;D:\apache-maven-3.6.3\maven_repository\com\alibaba\csp\sentinel-spring-webmvc-adapter\1.8.3\sentinel-spring-webmvc-adapter-1.8.3.jar;D:\apache-maven-3.6.3\maven_repository\com\alibaba\csp\sentinel-parameter-flow-control\1.8.3\sentinel-parameter-flow-control-1.8.3.jar;D:\apache-maven-3.6.3\maven_repository\com\googlecode\concurrentlinkedhashmap\concurrentlinkedhashmap-lru\1.4.2\concurrentlinkedhashmap-lru-1.4.2.jar;D:\apache-maven-3.6.3\maven_repository\com\alibaba\csp\sentinel-cluster-server-default\1.8.3\sentinel-cluster-server-default-1.8.3.jar;D:\apache-maven-3.6.3\maven_repository\com\alibaba\csp\sentinel-cluster-common-default\1.8.3\sentinel-cluster-common-default-1.8.3.jar;D:\apache-maven-3.6.3\maven_repository\com\alibaba\csp\sentinel-cluster-client-default\1.8.3\sentinel-cluster-client-default-1.8.3.jar;D:\apache-maven-3.6.3\maven_repository\com\alibaba\cloud\spring-cloud-alibaba-sentinel-datasource\2021.0.1.0\spring-cloud-alibaba-sentinel-datasource-2021.0.1.0.jar;C:\Users\dell\Desktop\Java-Study\tjxt-master\tj-message\tj-message-api\target\tj-message-api-1.0.0.jar;C:\Users\dell\Desktop\Java-Study\tjxt-master\tj-message\tj-message-domain\target\tj-message-domain-1.0.0.jar;D:\apache-maven-3.6.3\maven_repository\org\springframework\boot\spring-boot-starter-amqp\2.7.2\spring-boot-starter-amqp-2.7.2.jar;D:\apache-maven-3.6.3\maven_repository\org\springframework\spring-messaging\5.3.22\spring-messaging-5.3.22.jar;D:\apache-maven-3.6.3\maven_repository\org\springframework\amqp\spring-rabbit\2.4.6\spring-rabbit-2.4.6.jar;D:\apache-maven-3.6.3\maven_repository\org\springframework\amqp\spring-amqp\2.4.6\spring-amqp-2.4.6.jar;D:\apache-maven-3.6.3\maven_repository\org\springframework\retry\spring-retry\1.3.3\spring-retry-1.3.3.jar;D:\apache-maven-3.6.3\maven_repository\com\rabbitmq\amqp-client\5.14.2\amqp-client-5.14.2.jar;D:\apache-maven-3.6.3\maven_repository\org\springframework\cloud\spring-cloud-starter-loadbalancer\3.1.3\spring-cloud-starter-loadbalancer-3.1.3.jar;D:\apache-maven-3.6.3\maven_repository\org\springframework\cloud\spring-cloud-starter\3.1.3\spring-cloud-starter-3.1.3.jar;D:\apache-maven-3.6.3\maven_repository\org\springframework\security\spring-security-rsa\1.0.10.RELEASE\spring-security-rsa-1.0.10.RELEASE.jar;D:\apache-maven-3.6.3\maven_repository\org\bouncycastle\bcpkix-jdk15on\1.68\bcpkix-jdk15on-1.68.jar;D:\apache-maven-3.6.3\maven_repository\org\bouncycastle\bcprov-jdk15on\1.68\bcprov-jdk15on-1.68.jar;D:\apache-maven-3.6.3\maven_repository\org\springframework\cloud\spring-cloud-loadbalancer\3.1.3\spring-cloud-loadbalancer-3.1.3.jar;D:\apache-maven-3.6.3\maven_repository\io\projectreactor\addons\reactor-extra\3.4.8\reactor-extra-3.4.8.jar;D:\apache-maven-3.6.3\maven_repository\org\springframework\boot\spring-boot-starter-cache\2.7.2\spring-boot-starter-cache-2.7.2.jar;D:\apache-maven-3.6.3\maven_repository\com\stoyanr\evictor\1.0.0\evictor-1.0.0.jar;D:\apache-maven-3.6.3\maven_repository\org\projectlombok\lombok\1.18.20\lombok-1.18.20.jar;D:\apache-maven-3.6.3\maven_repository\org\springframework\boot\spring-boot-starter-test\2.7.2\spring-boot-starter-test-2.7.2.jar;D:\apache-maven-3.6.3\maven_repository\org\springframework\boot\spring-boot-test\2.7.2\spring-boot-test-2.7.2.jar;D:\apache-maven-3.6.3\maven_repository\org\springframework\boot\spring-boot-test-autoconfigure\2.7.2\spring-boot-test-autoconfigure-2.7.2.jar;D:\apache-maven-3.6.3\maven_repository\com\jayway\jsonpath\json-path\2.7.0\json-path-2.7.0.jar;D:\apache-maven-3.6.3\maven_repository\net\minidev\json-smart\2.4.8\json-smart-2.4.8.jar;D:\apache-maven-3.6.3\maven_repository\net\minidev\accessors-smart\2.4.8\accessors-smart-2.4.8.jar;D:\apache-maven-3.6.3\maven_repository\org\ow2\asm\asm\9.1\asm-9.1.jar;D:\apache-maven-3.6.3\maven_repository\jakarta\xml\bind\jakarta.xml.bind-api\2.3.3\jakarta.xml.bind-api-2.3.3.jar;D:\apache-maven-3.6.3\maven_repository\jakarta\activation\jakarta.activation-api\1.2.2\jakarta.activation-api-1.2.2.jar;D:\apache-maven-3.6.3\maven_repository\org\assertj\assertj-core\3.22.0\assertj-core-3.22.0.jar;D:\apache-maven-3.6.3\maven_repository\org\hamcrest\hamcrest\2.2\hamcrest-2.2.jar;D:\apache-maven-3.6.3\maven_repository\org\junit\jupiter\junit-jupiter\5.8.2\junit-jupiter-5.8.2.jar;D:\apache-maven-3.6.3\maven_repository\org\junit\jupiter\junit-jupiter-api\5.8.2\junit-jupiter-api-5.8.2.jar;D:\apache-maven-3.6.3\maven_repository\org\opentest4j\opentest4j\1.2.0\opentest4j-1.2.0.jar;D:\apache-maven-3.6.3\maven_repository\org\junit\platform\junit-platform-commons\1.8.2\junit-platform-commons-1.8.2.jar;D:\apache-maven-3.6.3\maven_repository\org\apiguardian\apiguardian-api\1.1.2\apiguardian-api-1.1.2.jar;D:\apache-maven-3.6.3\maven_repository\org\junit\jupiter\junit-jupiter-params\5.8.2\junit-jupiter-params-5.8.2.jar;D:\apache-maven-3.6.3\maven_repository\org\junit\jupiter\junit-jupiter-engine\5.8.2\junit-jupiter-engine-5.8.2.jar;D:\apache-maven-3.6.3\maven_repository\org\junit\platform\junit-platform-engine\1.8.2\junit-platform-engine-1.8.2.jar;D:\apache-maven-3.6.3\maven_repository\org\mockito\mockito-core\4.5.1\mockito-core-4.5.1.jar;D:\apache-maven-3.6.3\maven_repository\net\bytebuddy\byte-buddy\1.12.12\byte-buddy-1.12.12.jar;D:\apache-maven-3.6.3\maven_repository\net\bytebuddy\byte-buddy-agent\1.12.12\byte-buddy-agent-1.12.12.jar;D:\apache-maven-3.6.3\maven_repository\org\objenesis\objenesis\3.2\objenesis-3.2.jar;D:\apache-maven-3.6.3\maven_repository\org\mockito\mockito-junit-jupiter\4.5.1\mockito-junit-jupiter-4.5.1.jar;D:\apache-maven-3.6.3\maven_repository\org\skyscreamer\jsonassert\1.5.1\jsonassert-1.5.1.jar;D:\apache-maven-3.6.3\maven_repository\com\vaadin\external\google\android-json\0.0.20131108.vaadin1\android-json-0.0.20131108.vaadin1.jar;D:\apache-maven-3.6.3\maven_repository\org\springframework\spring-core\5.3.22\spring-core-5.3.22.jar;D:\apache-maven-3.6.3\maven_repository\org\springframework\spring-jcl\5.3.22\spring-jcl-5.3.22.jar;D:\apache-maven-3.6.3\maven_repository\org\springframework\spring-test\5.3.22\spring-test-5.3.22.jar;D:\apache-maven-3.6.3\maven_repository\org\xmlunit\xmlunit-core\2.9.0\xmlunit-core-2.9.0.jar;D:\apache-maven-3.6.3\maven_repository\org\springframework\cloud\spring-cloud-starter-bootstrap\3.1.3\spring-cloud-starter-bootstrap-3.1.3.jar;"/>
    <property name="sun.cpu.endian" value="little"/>
    <property name="user.home" value="C:\Users\dell"/>
    <property name="user.language" value="zh"/>
    <property name="java.specification.vendor" value="Oracle Corporation"/>
    <property name="java.version.date" value="2023-04-18"/>
    <property name="java.home" value="D:\java-environment\jdk17"/>
    <property name="file.separator" value="\"/>
    <property name="basedir" value="C:\Users\dell\Desktop\Java-Study\tjxt-master\tj-user"/>
    <property name="java.vm.compressedOopsMode" value="Zero based"/>
    <property name="line.separator" value="&#10;"/>
    <property name="java.vm.specification.vendor" value="Oracle Corporation"/>
    <property name="java.specification.name" value="Java Platform API Specification"/>
    <property name="surefire.real.class.path" value="C:\Users\dell\AppData\Local\Temp\surefire5955026939973980962\surefirebooter11455986600999751307.jar"/>
    <property name="user.script" value=""/>
    <property name="sun.management.compiler" value="HotSpot 64-Bit Tiered Compilers"/>
    <property name="java.runtime.version" value="17.0.7+7-LTS"/>
    <property name="user.name" value="dell"/>
    <property name="path.separator" value=";"/>
    <property name="os.version" value="10.0"/>
    <property name="java.runtime.name" value="OpenJDK Runtime Environment"/>
    <property name="file.encoding" value="GBK"/>
    <property name="java.vm.name" value="OpenJDK 64-Bit Server VM"/>
    <property name="java.vendor.version" value="Corretto-17.0.7.7.1"/>
    <property name="localRepository" value="D:\apache-maven-3.6.3\maven_repository"/>
    <property name="java.vendor.url.bug" value="https://github.com/corretto/corretto-17/issues/"/>
    <property name="java.io.tmpdir" value="C:\Users\dell\AppData\Local\Temp\"/>
    <property name="idea.version" value="2023.1.3"/>
    <property name="java.version" value="17.0.7"/>
    <property name="user.dir" value="C:\Users\dell\Desktop\Java-Study\tjxt-master\tj-user"/>
    <property name="os.arch" value="amd64"/>
    <property name="java.vm.specification.name" value="Java Virtual Machine Specification"/>
    <property name="sun.os.patch.level" value=""/>
    <property name="native.encoding" value="GBK"/>
    <property name="java.library.path" value="D:\java-environment\jdk17\bin;C:\WINDOWS\Sun\Java\bin;C:\WINDOWS\system32;C:\WINDOWS;C:\Program Files\dotnet\;D:\node\node_global;C:\Program Files\TortoiseSVN\bin;D:\java-environment\jdk1.8\bin;D:\java-environment\jdk1.8\jre\bin;C:\Program Files\Docker\Docker\resources\bin;D:\nvm\nvm;D:\nvm\nvm\nodejs;D:\go-environment\go1.20rc3\bin;C:\Users\dell\AppData\Local\Programs\Python\Python36\Scripts\;C:\Users\dell\AppData\Local\Programs\Python\Python36\;C:\Users\dell\AppData\Local\Microsoft\WindowsApps;C:\Users\dell\AppData\Local\JetBrains\Toolbox\scripts;D:\Microsoft VS Code\bin;C:\WINDOWS;C:\WINDOWS\system32;."/>
    <property name="java.vm.info" value="mixed mode, sharing"/>
    <property name="java.vendor" value="Amazon.com Inc."/>
    <property name="java.vm.version" value="17.0.7+7-LTS"/>
    <property name="sun.io.unicode.encoding" value="UnicodeLittle"/>
    <property name="maven.repo.local" value="D:\apache-maven-3.6.3\maven_repository"/>
    <property name="java.class.version" value="61.0"/>
  </properties>
  <testcase name="saveStudent" classname="com.tianji.user.service.impl.StudentServiceImplTest" time="0.025">
    <error message="Failed to load ApplicationContext" type="java.lang.IllegalStateException">java.lang.IllegalStateException: Failed to load ApplicationContext
Caused by: org.springframework.beans.factory.UnsatisfiedDependencyException: Error creating bean with name 'staffController' defined in file [C:\Users\dell\Desktop\Java-Study\tjxt-master\tj-user\target\classes\com\tianji\user\controller\StaffController.class]: Unsatisfied dependency expressed through constructor parameter 0; nested exception is org.springframework.beans.factory.UnsatisfiedDependencyException: Error creating bean with name 'staffServiceImpl' defined in file [C:\Users\dell\Desktop\Java-Study\tjxt-master\tj-user\target\classes\com\tianji\user\service\impl\StaffServiceImpl.class]: Unsatisfied dependency expressed through constructor parameter 0; nested exception is org.springframework.beans.factory.UnsatisfiedDependencyException: Error creating bean with name 'userDetailServiceImpl': Unsatisfied dependency expressed through field 'baseMapper'; nested exception is org.springframework.beans.factory.UnsatisfiedDependencyException: Error creating bean with name 'userDetailMapper' defined in file [C:\Users\dell\Desktop\Java-Study\tjxt-master\tj-user\target\classes\com\tianji\user\mapper\UserDetailMapper.class]: Unsatisfied dependency expressed through bean property 'sqlSessionFactory'; nested exception is org.springframework.beans.factory.UnsatisfiedDependencyException: Error creating bean with name 'sqlSessionFactory' defined in class path resource [com/baomidou/mybatisplus/autoconfigure/MybatisPlusAutoConfiguration.class]: Unsatisfied dependency expressed through method 'sqlSessionFactory' parameter 0; nested exception is org.springframework.beans.factory.BeanCreationException: Error creating bean with name 'dataSource' defined in class path resource [org/springframework/boot/autoconfigure/jdbc/DataSourceConfiguration$Hikari.class]: Bean instantiation via factory method failed; nested exception is org.springframework.beans.BeanInstantiationException: Failed to instantiate [com.zaxxer.hikari.HikariDataSource]: Factory method 'dataSource' threw exception; nested exception is org.springframework.boot.autoconfigure.jdbc.DataSourceProperties$DataSourceBeanCreationException: Failed to determine a suitable driver class
Caused by: org.springframework.beans.factory.UnsatisfiedDependencyException: Error creating bean with name 'staffServiceImpl' defined in file [C:\Users\dell\Desktop\Java-Study\tjxt-master\tj-user\target\classes\com\tianji\user\service\impl\StaffServiceImpl.class]: Unsatisfied dependency expressed through constructor parameter 0; nested exception is org.springframework.beans.factory.UnsatisfiedDependencyException: Error creating bean with name 'userDetailServiceImpl': Unsatisfied dependency expressed through field 'baseMapper'; nested exception is org.springframework.beans.factory.UnsatisfiedDependencyException: Error creating bean with name 'userDetailMapper' defined in file [C:\Users\dell\Desktop\Java-Study\tjxt-master\tj-user\target\classes\com\tianji\user\mapper\UserDetailMapper.class]: Unsatisfied dependency expressed through bean property 'sqlSessionFactory'; nested exception is org.springframework.beans.factory.UnsatisfiedDependencyException: Error creating bean with name 'sqlSessionFactory' defined in class path resource [com/baomidou/mybatisplus/autoconfigure/MybatisPlusAutoConfiguration.class]: Unsatisfied dependency expressed through method 'sqlSessionFactory' parameter 0; nested exception is org.springframework.beans.factory.BeanCreationException: Error creating bean with name 'dataSource' defined in class path resource [org/springframework/boot/autoconfigure/jdbc/DataSourceConfiguration$Hikari.class]: Bean instantiation via factory method failed; nested exception is org.springframework.beans.BeanInstantiationException: Failed to instantiate [com.zaxxer.hikari.HikariDataSource]: Factory method 'dataSource' threw exception; nested exception is org.springframework.boot.autoconfigure.jdbc.DataSourceProperties$DataSourceBeanCreationException: Failed to determine a suitable driver class
Caused by: org.springframework.beans.factory.UnsatisfiedDependencyException: Error creating bean with name 'userDetailServiceImpl': Unsatisfied dependency expressed through field 'baseMapper'; nested exception is org.springframework.beans.factory.UnsatisfiedDependencyException: Error creating bean with name 'userDetailMapper' defined in file [C:\Users\dell\Desktop\Java-Study\tjxt-master\tj-user\target\classes\com\tianji\user\mapper\UserDetailMapper.class]: Unsatisfied dependency expressed through bean property 'sqlSessionFactory'; nested exception is org.springframework.beans.factory.UnsatisfiedDependencyException: Error creating bean with name 'sqlSessionFactory' defined in class path resource [com/baomidou/mybatisplus/autoconfigure/MybatisPlusAutoConfiguration.class]: Unsatisfied dependency expressed through method 'sqlSessionFactory' parameter 0; nested exception is org.springframework.beans.factory.BeanCreationException: Error creating bean with name 'dataSource' defined in class path resource [org/springframework/boot/autoconfigure/jdbc/DataSourceConfiguration$Hikari.class]: Bean instantiation via factory method failed; nested exception is org.springframework.beans.BeanInstantiationException: Failed to instantiate [com.zaxxer.hikari.HikariDataSource]: Factory method 'dataSource' threw exception; nested exception is org.springframework.boot.autoconfigure.jdbc.DataSourceProperties$DataSourceBeanCreationException: Failed to determine a suitable driver class
Caused by: org.springframework.beans.factory.UnsatisfiedDependencyException: Error creating bean with name 'userDetailMapper' defined in file [C:\Users\dell\Desktop\Java-Study\tjxt-master\tj-user\target\classes\com\tianji\user\mapper\UserDetailMapper.class]: Unsatisfied dependency expressed through bean property 'sqlSessionFactory'; nested exception is org.springframework.beans.factory.UnsatisfiedDependencyException: Error creating bean with name 'sqlSessionFactory' defined in class path resource [com/baomidou/mybatisplus/autoconfigure/MybatisPlusAutoConfiguration.class]: Unsatisfied dependency expressed through method 'sqlSessionFactory' parameter 0; nested exception is org.springframework.beans.factory.BeanCreationException: Error creating bean with name 'dataSource' defined in class path resource [org/springframework/boot/autoconfigure/jdbc/DataSourceConfiguration$Hikari.class]: Bean instantiation via factory method failed; nested exception is org.springframework.beans.BeanInstantiationException: Failed to instantiate [com.zaxxer.hikari.HikariDataSource]: Factory method 'dataSource' threw exception; nested exception is org.springframework.boot.autoconfigure.jdbc.DataSourceProperties$DataSourceBeanCreationException: Failed to determine a suitable driver class
Caused by: org.springframework.beans.factory.UnsatisfiedDependencyException: Error creating bean with name 'sqlSessionFactory' defined in class path resource [com/baomidou/mybatisplus/autoconfigure/MybatisPlusAutoConfiguration.class]: Unsatisfied dependency expressed through method 'sqlSessionFactory' parameter 0; nested exception is org.springframework.beans.factory.BeanCreationException: Error creating bean with name 'dataSource' defined in class path resource [org/springframework/boot/autoconfigure/jdbc/DataSourceConfiguration$Hikari.class]: Bean instantiation via factory method failed; nested exception is org.springframework.beans.BeanInstantiationException: Failed to instantiate [com.zaxxer.hikari.HikariDataSource]: Factory method 'dataSource' threw exception; nested exception is org.springframework.boot.autoconfigure.jdbc.DataSourceProperties$DataSourceBeanCreationException: Failed to determine a suitable driver class
Caused by: org.springframework.beans.factory.BeanCreationException: Error creating bean with name 'dataSource' defined in class path resource [org/springframework/boot/autoconfigure/jdbc/DataSourceConfiguration$Hikari.class]: Bean instantiation via factory method failed; nested exception is org.springframework.beans.BeanInstantiationException: Failed to instantiate [com.zaxxer.hikari.HikariDataSource]: Factory method 'dataSource' threw exception; nested exception is org.springframework.boot.autoconfigure.jdbc.DataSourceProperties$DataSourceBeanCreationException: Failed to determine a suitable driver class
Caused by: org.springframework.beans.BeanInstantiationException: Failed to instantiate [com.zaxxer.hikari.HikariDataSource]: Factory method 'dataSource' threw exception; nested exception is org.springframework.boot.autoconfigure.jdbc.DataSourceProperties$DataSourceBeanCreationException: Failed to determine a suitable driver class
Caused by: org.springframework.boot.autoconfigure.jdbc.DataSourceProperties$DataSourceBeanCreationException: Failed to determine a suitable driver class
</error>
    <system-out><![CDATA[11:15:48.047 [main] DEBUG org.springframework.test.context.BootstrapUtils - Instantiating CacheAwareContextLoaderDelegate from class [org.springframework.test.context.cache.DefaultCacheAwareContextLoaderDelegate]
11:15:48.062 [main] DEBUG org.springframework.test.context.BootstrapUtils - Instantiating BootstrapContext using constructor [public org.springframework.test.context.support.DefaultBootstrapContext(java.lang.Class,org.springframework.test.context.CacheAwareContextLoaderDelegate)]
11:15:48.130 [main] DEBUG org.springframework.test.context.BootstrapUtils - Instantiating TestContextBootstrapper for test class [com.tianji.user.service.impl.StudentServiceImplTest] from class [org.springframework.boot.test.context.SpringBootTestContextBootstrapper]
11:15:48.144 [main] INFO org.springframework.boot.test.context.SpringBootTestContextBootstrapper - Neither @ContextConfiguration nor @ContextHierarchy found for test class [com.tianji.user.service.impl.StudentServiceImplTest], using SpringBootContextLoader
11:15:48.148 [main] DEBUG org.springframework.test.context.support.AbstractContextLoader - Did not detect default resource location for test class [com.tianji.user.service.impl.StudentServiceImplTest]: class path resource [com/tianji/user/service/impl/StudentServiceImplTest-context.xml] does not exist
11:15:48.149 [main] DEBUG org.springframework.test.context.support.AbstractContextLoader - Did not detect default resource location for test class [com.tianji.user.service.impl.StudentServiceImplTest]: class path resource [com/tianji/user/service/impl/StudentServiceImplTestContext.groovy] does not exist
11:15:48.149 [main] INFO org.springframework.test.context.support.AbstractContextLoader - Could not detect default resource locations for test class [com.tianji.user.service.impl.StudentServiceImplTest]: no resource found for suffixes {-context.xml, Context.groovy}.
11:15:48.150 [main] INFO org.springframework.test.context.support.AnnotationConfigContextLoaderUtils - Could not detect default configuration classes for test class [com.tianji.user.service.impl.StudentServiceImplTest]: StudentServiceImplTest does not declare any static, non-private, non-final, nested classes annotated with @Configuration.
11:15:48.226 [main] DEBUG org.springframework.test.context.support.ActiveProfilesUtils - Could not find an 'annotation declaring class' for annotation type [org.springframework.test.context.ActiveProfiles] and class [com.tianji.user.service.impl.StudentServiceImplTest]
11:15:48.422 [main] DEBUG org.springframework.context.annotation.ClassPathScanningCandidateComponentProvider - Identified candidate component class: file [C:\Users\dell\Desktop\Java-Study\tjxt-master\tj-user\target\classes\com\tianji\user\UserApplication.class]
11:15:48.423 [main] INFO org.springframework.boot.test.context.SpringBootTestContextBootstrapper - Found @SpringBootConfiguration com.tianji.user.UserApplication for test class com.tianji.user.service.impl.StudentServiceImplTest
11:15:48.525 [main] DEBUG org.springframework.boot.test.context.SpringBootTestContextBootstrapper - @TestExecutionListeners is not present for class [com.tianji.user.service.impl.StudentServiceImplTest]: using defaults.
11:15:48.525 [main] INFO org.springframework.boot.test.context.SpringBootTestContextBootstrapper - Loaded default TestExecutionListener class names from location [META-INF/spring.factories]: [org.springframework.boot.test.mock.mockito.MockitoTestExecutionListener, org.springframework.boot.test.mock.mockito.ResetMocksTestExecutionListener, org.springframework.boot.test.autoconfigure.restdocs.RestDocsTestExecutionListener, org.springframework.boot.test.autoconfigure.web.client.MockRestServiceServerResetTestExecutionListener, org.springframework.boot.test.autoconfigure.web.servlet.MockMvcPrintOnlyOnFailureTestExecutionListener, org.springframework.boot.test.autoconfigure.web.servlet.WebDriverTestExecutionListener, org.springframework.boot.test.autoconfigure.webservices.client.MockWebServiceServerTestExecutionListener, org.springframework.test.context.web.ServletTestExecutionListener, org.springframework.test.context.support.DirtiesContextBeforeModesTestExecutionListener, org.springframework.test.context.event.ApplicationEventsTestExecutionListener, org.springframework.test.context.support.DependencyInjectionTestExecutionListener, org.springframework.test.context.support.DirtiesContextTestExecutionListener, org.springframework.test.context.transaction.TransactionalTestExecutionListener, org.springframework.test.context.jdbc.SqlScriptsTestExecutionListener, org.springframework.test.context.event.EventPublishingTestExecutionListener]
11:15:48.566 [main] INFO org.springframework.boot.test.context.SpringBootTestContextBootstrapper - Using TestExecutionListeners: [org.springframework.test.context.web.ServletTestExecutionListener@1b835480, org.springframework.test.context.support.DirtiesContextBeforeModesTestExecutionListener@3549bca9, org.springframework.test.context.event.ApplicationEventsTestExecutionListener@4f25b795, org.springframework.boot.test.mock.mockito.MockitoTestExecutionListener@6fb365ed, org.springframework.boot.test.autoconfigure.SpringBootDependencyInjectionTestExecutionListener@6e950bcf, org.springframework.test.context.support.DirtiesContextTestExecutionListener@16414e40, org.springframework.test.context.transaction.TransactionalTestExecutionListener@74bada02, org.springframework.test.context.jdbc.SqlScriptsTestExecutionListener@525575, org.springframework.test.context.event.EventPublishingTestExecutionListener@46dffdc3, org.springframework.boot.test.mock.mockito.ResetMocksTestExecutionListener@5a709816, org.springframework.boot.test.autoconfigure.restdocs.RestDocsTestExecutionListener@78383390, org.springframework.boot.test.autoconfigure.web.client.MockRestServiceServerResetTestExecutionListener@6ad3381f, org.springframework.boot.test.autoconfigure.web.servlet.MockMvcPrintOnlyOnFailureTestExecutionListener@53dbe163, org.springframework.boot.test.autoconfigure.web.servlet.WebDriverTestExecutionListener@db57326, org.springframework.boot.test.autoconfigure.webservices.client.MockWebServiceServerTestExecutionListener@34a875b3]
11:15:48.571 [main] DEBUG org.springframework.test.context.support.AbstractDirtiesContextTestExecutionListener - Before test class: context [DefaultTestContext@33fe57a9 testClass = StudentServiceImplTest, testInstance = [null], testMethod = [null], testException = [null], mergedContextConfiguration = [WebMergedContextConfiguration@4982cc36 testClass = StudentServiceImplTest, locations = '{}', classes = '{class com.tianji.user.UserApplication}', contextInitializerClasses = '[]', activeProfiles = '{}', propertySourceLocations = '{}', propertySourceProperties = '{org.springframework.boot.test.context.SpringBootTestContextBootstrapper=true}', contextCustomizers = set[org.springframework.boot.test.context.filter.ExcludeFilterContextCustomizer@543295b0, org.springframework.boot.test.json.DuplicateJsonObjectContextCustomizerFactory$DuplicateJsonObjectContextCustomizer@3b0fe47a, org.springframework.boot.test.mock.mockito.MockitoContextCustomizer@0, org.springframework.boot.test.web.client.TestRestTemplateContextCustomizer@1c5920df, org.springframework.boot.test.autoconfigure.actuate.metrics.MetricsExportContextCustomizerFactory$DisableMetricExportContextCustomizer@d737b89, org.springframework.boot.test.autoconfigure.properties.PropertyMappingContextCustomizer@0, org.springframework.boot.test.autoconfigure.web.servlet.WebDriverContextCustomizerFactory$Customizer@1caa0244, org.springframework.boot.test.context.SpringBootTestArgs@1, org.springframework.boot.test.context.SpringBootTestWebEnvironment@6483f5ae], resourceBasePath = 'src/main/webapp', contextLoader = 'org.springframework.boot.test.context.SpringBootContextLoader', parent = [null]], attributes = map['org.springframework.test.context.web.ServletTestExecutionListener.activateListener' -> true]], class annotated with @DirtiesContext [false] with mode [null].

  .   ____          _            __ _ _
 /\\ / ___'_ __ _ _(_)_ __  __ _ \ \ \ \
( ( )\___ | '_ | '_| | '_ \/ _` | \ \ \ \
 \\/  ___)| |_)| | | | | || (_| |  ) ) ) )
  '  |____| .__|_| |_|_| |_\__, | / / / /
 =========|_|==============|___/=/_/_/_/
 :: Spring Boot ::                (v2.7.2)

2023-07-03 11:15:53.801  WARN 22216 --- [           main] c.a.c.n.c.NacosPropertySourceBuilder     : Ignore the empty nacos configuration and get it based on dataId[shared-spring.yaml] & group[DEFAULT_GROUP]
2023-07-03 11:15:56.824  WARN 22216 --- [           main] c.a.c.n.c.NacosPropertySourceBuilder     : Ignore the empty nacos configuration and get it based on dataId[shared-redis.yaml] & group[DEFAULT_GROUP]
2023-07-03 11:15:59.858  WARN 22216 --- [           main] c.a.c.n.c.NacosPropertySourceBuilder     : Ignore the empty nacos configuration and get it based on dataId[shared-mybatis.yaml] & group[DEFAULT_GROUP]
2023-07-03 11:16:02.885  WARN 22216 --- [           main] c.a.c.n.c.NacosPropertySourceBuilder     : Ignore the empty nacos configuration and get it based on dataId[shared-logs.yaml] & group[DEFAULT_GROUP]
2023-07-03 11:16:05.920  WARN 22216 --- [           main] c.a.c.n.c.NacosPropertySourceBuilder     : Ignore the empty nacos configuration and get it based on dataId[shared-feign.yaml] & group[DEFAULT_GROUP]
2023-07-03 11:16:08.950  WARN 22216 --- [           main] c.a.c.n.c.NacosPropertySourceBuilder     : Ignore the empty nacos configuration and get it based on dataId[user-service] & group[DEFAULT_GROUP]
2023-07-03 11:16:11.978  WARN 22216 --- [           main] c.a.c.n.c.NacosPropertySourceBuilder     : Ignore the empty nacos configuration and get it based on dataId[user-service.yaml] & group[DEFAULT_GROUP]
2023-07-03 11:16:15.009  WARN 22216 --- [           main] c.a.c.n.c.NacosPropertySourceBuilder     : Ignore the empty nacos configuration and get it based on dataId[user-service-dev.yaml] & group[DEFAULT_GROUP]
2023-07-03 11:16:15.010  INFO 22216 --- [           main] b.c.PropertySourceBootstrapConfiguration : Located property source: [BootstrapPropertySource {name='bootstrapProperties-user-service-dev.yaml,DEFAULT_GROUP'}, BootstrapPropertySource {name='bootstrapProperties-user-service.yaml,DEFAULT_GROUP'}, BootstrapPropertySource {name='bootstrapProperties-user-service,DEFAULT_GROUP'}, BootstrapPropertySource {name='bootstrapProperties-shared-feign.yaml,DEFAULT_GROUP'}, BootstrapPropertySource {name='bootstrapProperties-shared-logs.yaml,DEFAULT_GROUP'}, BootstrapPropertySource {name='bootstrapProperties-shared-mybatis.yaml,DEFAULT_GROUP'}, BootstrapPropertySource {name='bootstrapProperties-shared-redis.yaml,DEFAULT_GROUP'}, BootstrapPropertySource {name='bootstrapProperties-shared-spring.yaml,DEFAULT_GROUP'}]
2023-07-03 11:16:15.030  INFO 22216 --- [           main] c.t.u.s.impl.StudentServiceImplTest      : The following 1 profile is active: "dev"
2023-07-03 11:16:16.603  INFO 22216 --- [           main] .s.d.r.c.RepositoryConfigurationDelegate : Multiple Spring Data modules found, entering strict repository configuration mode
2023-07-03 11:16:16.606  INFO 22216 --- [           main] .s.d.r.c.RepositoryConfigurationDelegate : Bootstrapping Spring Data Redis repositories in DEFAULT mode.
2023-07-03 11:16:16.650  INFO 22216 --- [           main] .s.d.r.c.RepositoryConfigurationDelegate : Finished Spring Data repository scanning in 18 ms. Found 0 Redis repository interfaces.
2023-07-03 11:16:17.241  INFO 22216 --- [           main] o.s.cloud.context.scope.GenericScope     : BeanFactory id=b9463392-7995-384c-b8ad-13d8def99bcc
2023-07-03 11:16:17.980  INFO 22216 --- [           main] trationDelegate$BeanPostProcessorChecker : Bean 'org.springframework.cloud.commons.config.CommonsConfigAutoConfiguration' of type [org.springframework.cloud.commons.config.CommonsConfigAutoConfiguration] is not eligible for getting processed by all BeanPostProcessors (for example: not eligible for auto-proxying)
2023-07-03 11:16:17.985  INFO 22216 --- [           main] trationDelegate$BeanPostProcessorChecker : Bean 'org.springframework.cloud.client.loadbalancer.LoadBalancerDefaultMappingsProviderAutoConfiguration' of type [org.springframework.cloud.client.loadbalancer.LoadBalancerDefaultMappingsProviderAutoConfiguration] is not eligible for getting processed by all BeanPostProcessors (for example: not eligible for auto-proxying)
2023-07-03 11:16:17.989  INFO 22216 --- [           main] trationDelegate$BeanPostProcessorChecker : Bean 'loadBalancerClientsDefaultsMappingsProvider' of type [org.springframework.cloud.client.loadbalancer.LoadBalancerDefaultMappingsProviderAutoConfiguration$$Lambda$821/0x000000080154fd48] is not eligible for getting processed by all BeanPostProcessors (for example: not eligible for auto-proxying)
2023-07-03 11:16:17.997  INFO 22216 --- [           main] trationDelegate$BeanPostProcessorChecker : Bean 'defaultsBindHandlerAdvisor' of type [org.springframework.cloud.commons.config.DefaultsBindHandlerAdvisor] is not eligible for getting processed by all BeanPostProcessors (for example: not eligible for auto-proxying)
2023-07-03 11:16:18.052  INFO 22216 --- [           main] trationDelegate$BeanPostProcessorChecker : Bean 'spring.cloud.sentinel-com.alibaba.cloud.sentinel.SentinelProperties' of type [com.alibaba.cloud.sentinel.SentinelProperties] is not eligible for getting processed by all BeanPostProcessors (for example: not eligible for auto-proxying)
2023-07-03 11:16:18.059  INFO 22216 --- [           main] trationDelegate$BeanPostProcessorChecker : Bean 'com.alibaba.cloud.sentinel.custom.SentinelAutoConfiguration' of type [com.alibaba.cloud.sentinel.custom.SentinelAutoConfiguration] is not eligible for getting processed by all BeanPostProcessors (for example: not eligible for auto-proxying)
2023-07-03 11:16:18.565  WARN 22216 --- [           main] o.s.w.c.s.GenericWebApplicationContext   : Exception encountered during context initialization - cancelling refresh attempt: org.springframework.beans.factory.UnsatisfiedDependencyException: Error creating bean with name 'staffController' defined in file [C:\Users\dell\Desktop\Java-Study\tjxt-master\tj-user\target\classes\com\tianji\user\controller\StaffController.class]: Unsatisfied dependency expressed through constructor parameter 0; nested exception is org.springframework.beans.factory.UnsatisfiedDependencyException: Error creating bean with name 'staffServiceImpl' defined in file [C:\Users\dell\Desktop\Java-Study\tjxt-master\tj-user\target\classes\com\tianji\user\service\impl\StaffServiceImpl.class]: Unsatisfied dependency expressed through constructor parameter 0; nested exception is org.springframework.beans.factory.UnsatisfiedDependencyException: Error creating bean with name 'userDetailServiceImpl': Unsatisfied dependency expressed through field 'baseMapper'; nested exception is org.springframework.beans.factory.UnsatisfiedDependencyException: Error creating bean with name 'userDetailMapper' defined in file [C:\Users\dell\Desktop\Java-Study\tjxt-master\tj-user\target\classes\com\tianji\user\mapper\UserDetailMapper.class]: Unsatisfied dependency expressed through bean property 'sqlSessionFactory'; nested exception is org.springframework.beans.factory.UnsatisfiedDependencyException: Error creating bean with name 'sqlSessionFactory' defined in class path resource [com/baomidou/mybatisplus/autoconfigure/MybatisPlusAutoConfiguration.class]: Unsatisfied dependency expressed through method 'sqlSessionFactory' parameter 0; nested exception is org.springframework.beans.factory.BeanCreationException: Error creating bean with name 'dataSource' defined in class path resource [org/springframework/boot/autoconfigure/jdbc/DataSourceConfiguration$Hikari.class]: Bean instantiation via factory method failed; nested exception is org.springframework.beans.BeanInstantiationException: Failed to instantiate [com.zaxxer.hikari.HikariDataSource]: Factory method 'dataSource' threw exception; nested exception is org.springframework.boot.autoconfigure.jdbc.DataSourceProperties$DataSourceBeanCreationException: Failed to determine a suitable driver class
2023-07-03 11:16:18.583  INFO 22216 --- [           main] ConditionEvaluationReportLoggingListener : 

Error starting ApplicationContext. To display the conditions report re-run your application with 'debug' enabled.
2023-07-03 11:16:18.628 ERROR 22216 --- [           main] o.s.b.d.LoggingFailureAnalysisReporter   : 

***************************
APPLICATION FAILED TO START
***************************

Description:

Failed to configure a DataSource: 'url' attribute is not specified and no embedded datasource could be configured.

Reason: Failed to determine a suitable driver class


Action:

Consider the following:
	If you want an embedded database (H2, HSQL or Derby), please put it on the classpath.
	If you have database settings to be loaded from a particular profile you may need to activate it (the profiles dev are currently active).

2023-07-03 11:16:18.637 ERROR 22216 --- [           main] o.s.test.context.TestContextManager      : Caught exception while allowing TestExecutionListener [org.springframework.test.context.web.ServletTestExecutionListener@1b835480] to prepare test instance [com.tianji.user.service.impl.StudentServiceImplTest@b56c222]

java.lang.IllegalStateException: Failed to load ApplicationContext
	at org.springframework.test.context.cache.DefaultCacheAwareContextLoaderDelegate.loadContext(DefaultCacheAwareContextLoaderDelegate.java:132) ~[spring-test-5.3.22.jar:5.3.22]
	at org.springframework.test.context.support.DefaultTestContext.getApplicationContext(DefaultTestContext.java:124) ~[spring-test-5.3.22.jar:5.3.22]
	at org.springframework.test.context.web.ServletTestExecutionListener.setUpRequestContextIfNecessary(ServletTestExecutionListener.java:190) ~[spring-test-5.3.22.jar:5.3.22]
	at org.springframework.test.context.web.ServletTestExecutionListener.prepareTestInstance(ServletTestExecutionListener.java:132) ~[spring-test-5.3.22.jar:5.3.22]
	at org.springframework.test.context.TestContextManager.prepareTestInstance(TestContextManager.java:248) ~[spring-test-5.3.22.jar:5.3.22]
	at org.springframework.test.context.junit.jupiter.SpringExtension.postProcessTestInstance(SpringExtension.java:138) ~[spring-test-5.3.22.jar:5.3.22]
	at org.junit.jupiter.engine.descriptor.ClassBasedTestDescriptor.lambda$invokeTestInstancePostProcessors$8(ClassBasedTestDescriptor.java:363) ~[junit-jupiter-engine-5.8.2.jar:5.8.2]
	at org.junit.jupiter.engine.descriptor.ClassBasedTestDescriptor.executeAndMaskThrowable(ClassBasedTestDescriptor.java:368) ~[junit-jupiter-engine-5.8.2.jar:5.8.2]
	at org.junit.jupiter.engine.descriptor.ClassBasedTestDescriptor.lambda$invokeTestInstancePostProcessors$9(ClassBasedTestDescriptor.java:363) ~[junit-jupiter-engine-5.8.2.jar:5.8.2]
	at java.base/java.util.stream.ReferencePipeline$3$1.accept(ReferencePipeline.java:197) ~[na:na]
	at java.base/java.util.stream.ReferencePipeline$2$1.accept(ReferencePipeline.java:179) ~[na:na]
	at java.base/java.util.ArrayList$ArrayListSpliterator.forEachRemaining(ArrayList.java:1625) ~[na:na]
	at java.base/java.util.stream.AbstractPipeline.copyInto(AbstractPipeline.java:509) ~[na:na]
	at java.base/java.util.stream.AbstractPipeline.wrapAndCopyInto(AbstractPipeline.java:499) ~[na:na]
	at java.base/java.util.stream.StreamSpliterators$WrappingSpliterator.forEachRemaining(StreamSpliterators.java:310) ~[na:na]
	at java.base/java.util.stream.Streams$ConcatSpliterator.forEachRemaining(Streams.java:735) ~[na:na]
	at java.base/java.util.stream.Streams$ConcatSpliterator.forEachRemaining(Streams.java:734) ~[na:na]
	at java.base/java.util.stream.ReferencePipeline$Head.forEach(ReferencePipeline.java:762) ~[na:na]
	at org.junit.jupiter.engine.descriptor.ClassBasedTestDescriptor.invokeTestInstancePostProcessors(ClassBasedTestDescriptor.java:362) ~[junit-jupiter-engine-5.8.2.jar:5.8.2]
	at org.junit.jupiter.engine.descriptor.ClassBasedTestDescriptor.lambda$instantiateAndPostProcessTestInstance$6(ClassBasedTestDescriptor.java:283) ~[junit-jupiter-engine-5.8.2.jar:5.8.2]
	at org.junit.platform.engine.support.hierarchical.ThrowableCollector.execute(ThrowableCollector.java:73) ~[junit-platform-engine-1.8.2.jar:1.8.2]
	at org.junit.jupiter.engine.descriptor.ClassBasedTestDescriptor.instantiateAndPostProcessTestInstance(ClassBasedTestDescriptor.java:282) ~[junit-jupiter-engine-5.8.2.jar:5.8.2]
	at org.junit.jupiter.engine.descriptor.ClassBasedTestDescriptor.lambda$testInstancesProvider$4(ClassBasedTestDescriptor.java:272) ~[junit-jupiter-engine-5.8.2.jar:5.8.2]
	at java.base/java.util.Optional.orElseGet(Optional.java:364) ~[na:na]
	at org.junit.jupiter.engine.descriptor.ClassBasedTestDescriptor.lambda$testInstancesProvider$5(ClassBasedTestDescriptor.java:271) ~[junit-jupiter-engine-5.8.2.jar:5.8.2]
	at org.junit.jupiter.engine.execution.TestInstancesProvider.getTestInstances(TestInstancesProvider.java:31) ~[junit-jupiter-engine-5.8.2.jar:5.8.2]
	at org.junit.jupiter.engine.descriptor.TestMethodTestDescriptor.lambda$prepare$0(TestMethodTestDescriptor.java:102) ~[junit-jupiter-engine-5.8.2.jar:5.8.2]
	at org.junit.platform.engine.support.hierarchical.ThrowableCollector.execute(ThrowableCollector.java:73) ~[junit-platform-engine-1.8.2.jar:1.8.2]
	at org.junit.jupiter.engine.descriptor.TestMethodTestDescriptor.prepare(TestMethodTestDescriptor.java:101) ~[junit-jupiter-engine-5.8.2.jar:5.8.2]
	at org.junit.jupiter.engine.descriptor.TestMethodTestDescriptor.prepare(TestMethodTestDescriptor.java:66) ~[junit-jupiter-engine-5.8.2.jar:5.8.2]
	at org.junit.platform.engine.support.hierarchical.NodeTestTask.lambda$prepare$2(NodeTestTask.java:123) ~[junit-platform-engine-1.8.2.jar:1.8.2]
	at org.junit.platform.engine.support.hierarchical.ThrowableCollector.execute(ThrowableCollector.java:73) ~[junit-platform-engine-1.8.2.jar:1.8.2]
	at org.junit.platform.engine.support.hierarchical.NodeTestTask.prepare(NodeTestTask.java:123) ~[junit-platform-engine-1.8.2.jar:1.8.2]
	at org.junit.platform.engine.support.hierarchical.NodeTestTask.execute(NodeTestTask.java:90) ~[junit-platform-engine-1.8.2.jar:1.8.2]
	at java.base/java.util.ArrayList.forEach(ArrayList.java:1511) ~[na:na]
	at org.junit.platform.engine.support.hierarchical.SameThreadHierarchicalTestExecutorService.invokeAll(SameThreadHierarchicalTestExecutorService.java:41) ~[junit-platform-engine-1.8.2.jar:1.8.2]
	at org.junit.platform.engine.support.hierarchical.NodeTestTask.lambda$executeRecursively$6(NodeTestTask.java:155) ~[junit-platform-engine-1.8.2.jar:1.8.2]
	at org.junit.platform.engine.support.hierarchical.ThrowableCollector.execute(ThrowableCollector.java:73) ~[junit-platform-engine-1.8.2.jar:1.8.2]
	at org.junit.platform.engine.support.hierarchical.NodeTestTask.lambda$executeRecursively$8(NodeTestTask.java:141) ~[junit-platform-engine-1.8.2.jar:1.8.2]
	at org.junit.platform.engine.support.hierarchical.Node.around(Node.java:137) ~[junit-platform-engine-1.8.2.jar:1.8.2]
	at org.junit.platform.engine.support.hierarchical.NodeTestTask.lambda$executeRecursively$9(NodeTestTask.java:139) ~[junit-platform-engine-1.8.2.jar:1.8.2]
	at org.junit.platform.engine.support.hierarchical.ThrowableCollector.execute(ThrowableCollector.java:73) ~[junit-platform-engine-1.8.2.jar:1.8.2]
	at org.junit.platform.engine.support.hierarchical.NodeTestTask.executeRecursively(NodeTestTask.java:138) ~[junit-platform-engine-1.8.2.jar:1.8.2]
	at org.junit.platform.engine.support.hierarchical.NodeTestTask.execute(NodeTestTask.java:95) ~[junit-platform-engine-1.8.2.jar:1.8.2]
	at java.base/java.util.ArrayList.forEach(ArrayList.java:1511) ~[na:na]
	at org.junit.platform.engine.support.hierarchical.SameThreadHierarchicalTestExecutorService.invokeAll(SameThreadHierarchicalTestExecutorService.java:41) ~[junit-platform-engine-1.8.2.jar:1.8.2]
	at org.junit.platform.engine.support.hierarchical.NodeTestTask.lambda$executeRecursively$6(NodeTestTask.java:155) ~[junit-platform-engine-1.8.2.jar:1.8.2]
	at org.junit.platform.engine.support.hierarchical.ThrowableCollector.execute(ThrowableCollector.java:73) ~[junit-platform-engine-1.8.2.jar:1.8.2]
	at org.junit.platform.engine.support.hierarchical.NodeTestTask.lambda$executeRecursively$8(NodeTestTask.java:141) ~[junit-platform-engine-1.8.2.jar:1.8.2]
	at org.junit.platform.engine.support.hierarchical.Node.around(Node.java:137) ~[junit-platform-engine-1.8.2.jar:1.8.2]
	at org.junit.platform.engine.support.hierarchical.NodeTestTask.lambda$executeRecursively$9(NodeTestTask.java:139) ~[junit-platform-engine-1.8.2.jar:1.8.2]
	at org.junit.platform.engine.support.hierarchical.ThrowableCollector.execute(ThrowableCollector.java:73) ~[junit-platform-engine-1.8.2.jar:1.8.2]
	at org.junit.platform.engine.support.hierarchical.NodeTestTask.executeRecursively(NodeTestTask.java:138) ~[junit-platform-engine-1.8.2.jar:1.8.2]
	at org.junit.platform.engine.support.hierarchical.NodeTestTask.execute(NodeTestTask.java:95) ~[junit-platform-engine-1.8.2.jar:1.8.2]
	at org.junit.platform.engine.support.hierarchical.SameThreadHierarchicalTestExecutorService.submit(SameThreadHierarchicalTestExecutorService.java:35) ~[junit-platform-engine-1.8.2.jar:1.8.2]
	at org.junit.platform.engine.support.hierarchical.HierarchicalTestExecutor.execute(HierarchicalTestExecutor.java:57) ~[junit-platform-engine-1.8.2.jar:1.8.2]
	at org.junit.platform.engine.support.hierarchical.HierarchicalTestEngine.execute(HierarchicalTestEngine.java:54) ~[junit-platform-engine-1.8.2.jar:1.8.2]
	at org.junit.platform.launcher.core.DefaultLauncher.execute(DefaultLauncher.java:220) ~[junit-platform-launcher-1.3.1.jar:1.3.1]
	at org.junit.platform.launcher.core.DefaultLauncher.lambda$execute$6(DefaultLauncher.java:188) ~[junit-platform-launcher-1.3.1.jar:1.3.1]
	at org.junit.platform.launcher.core.DefaultLauncher.withInterceptedStreams(DefaultLauncher.java:202) ~[junit-platform-launcher-1.3.1.jar:1.3.1]
	at org.junit.platform.launcher.core.DefaultLauncher.execute(DefaultLauncher.java:181) ~[junit-platform-launcher-1.3.1.jar:1.3.1]
	at org.junit.platform.launcher.core.DefaultLauncher.execute(DefaultLauncher.java:128) ~[junit-platform-launcher-1.3.1.jar:1.3.1]
	at org.apache.maven.surefire.junitplatform.JUnitPlatformProvider.invokeAllTests(JUnitPlatformProvider.java:150) ~[surefire-junit-platform-2.22.2.jar:2.22.2]
	at org.apache.maven.surefire.junitplatform.JUnitPlatformProvider.invoke(JUnitPlatformProvider.java:124) ~[surefire-junit-platform-2.22.2.jar:2.22.2]
	at org.apache.maven.surefire.booter.ForkedBooter.invokeProviderInSameClassLoader(ForkedBooter.java:384) ~[surefire-booter-2.22.2.jar:2.22.2]
	at org.apache.maven.surefire.booter.ForkedBooter.runSuitesInProcess(ForkedBooter.java:345) ~[surefire-booter-2.22.2.jar:2.22.2]
	at org.apache.maven.surefire.booter.ForkedBooter.execute(ForkedBooter.java:126) ~[surefire-booter-2.22.2.jar:2.22.2]
	at org.apache.maven.surefire.booter.ForkedBooter.main(ForkedBooter.java:418) ~[surefire-booter-2.22.2.jar:2.22.2]
Caused by: org.springframework.beans.factory.UnsatisfiedDependencyException: Error creating bean with name 'staffController' defined in file [C:\Users\dell\Desktop\Java-Study\tjxt-master\tj-user\target\classes\com\tianji\user\controller\StaffController.class]: Unsatisfied dependency expressed through constructor parameter 0; nested exception is org.springframework.beans.factory.UnsatisfiedDependencyException: Error creating bean with name 'staffServiceImpl' defined in file [C:\Users\dell\Desktop\Java-Study\tjxt-master\tj-user\target\classes\com\tianji\user\service\impl\StaffServiceImpl.class]: Unsatisfied dependency expressed through constructor parameter 0; nested exception is org.springframework.beans.factory.UnsatisfiedDependencyException: Error creating bean with name 'userDetailServiceImpl': Unsatisfied dependency expressed through field 'baseMapper'; nested exception is org.springframework.beans.factory.UnsatisfiedDependencyException: Error creating bean with name 'userDetailMapper' defined in file [C:\Users\dell\Desktop\Java-Study\tjxt-master\tj-user\target\classes\com\tianji\user\mapper\UserDetailMapper.class]: Unsatisfied dependency expressed through bean property 'sqlSessionFactory'; nested exception is org.springframework.beans.factory.UnsatisfiedDependencyException: Error creating bean with name 'sqlSessionFactory' defined in class path resource [com/baomidou/mybatisplus/autoconfigure/MybatisPlusAutoConfiguration.class]: Unsatisfied dependency expressed through method 'sqlSessionFactory' parameter 0; nested exception is org.springframework.beans.factory.BeanCreationException: Error creating bean with name 'dataSource' defined in class path resource [org/springframework/boot/autoconfigure/jdbc/DataSourceConfiguration$Hikari.class]: Bean instantiation via factory method failed; nested exception is org.springframework.beans.BeanInstantiationException: Failed to instantiate [com.zaxxer.hikari.HikariDataSource]: Factory method 'dataSource' threw exception; nested exception is org.springframework.boot.autoconfigure.jdbc.DataSourceProperties$DataSourceBeanCreationException: Failed to determine a suitable driver class
	at org.springframework.beans.factory.support.ConstructorResolver.createArgumentArray(ConstructorResolver.java:800) ~[spring-beans-5.3.22.jar:5.3.22]
	at org.springframework.beans.factory.support.ConstructorResolver.autowireConstructor(ConstructorResolver.java:229) ~[spring-beans-5.3.22.jar:5.3.22]
	at org.springframework.beans.factory.support.AbstractAutowireCapableBeanFactory.autowireConstructor(AbstractAutowireCapableBeanFactory.java:1372) ~[spring-beans-5.3.22.jar:5.3.22]
	at org.springframework.beans.factory.support.AbstractAutowireCapableBeanFactory.createBeanInstance(AbstractAutowireCapableBeanFactory.java:1222) ~[spring-beans-5.3.22.jar:5.3.22]
	at org.springframework.beans.factory.support.AbstractAutowireCapableBeanFactory.doCreateBean(AbstractAutowireCapableBeanFactory.java:582) ~[spring-beans-5.3.22.jar:5.3.22]
	at org.springframework.beans.factory.support.AbstractAutowireCapableBeanFactory.createBean(AbstractAutowireCapableBeanFactory.java:542) ~[spring-beans-5.3.22.jar:5.3.22]
	at org.springframework.beans.factory.support.AbstractBeanFactory.lambda$doGetBean$0(AbstractBeanFactory.java:335) ~[spring-beans-5.3.22.jar:5.3.22]
	at org.springframework.beans.factory.support.DefaultSingletonBeanRegistry.getSingleton(DefaultSingletonBeanRegistry.java:234) ~[spring-beans-5.3.22.jar:5.3.22]
	at org.springframework.beans.factory.support.AbstractBeanFactory.doGetBean(AbstractBeanFactory.java:333) ~[spring-beans-5.3.22.jar:5.3.22]
	at org.springframework.beans.factory.support.AbstractBeanFactory.getBean(AbstractBeanFactory.java:208) ~[spring-beans-5.3.22.jar:5.3.22]
	at org.springframework.beans.factory.support.DefaultListableBeanFactory.preInstantiateSingletons(DefaultListableBeanFactory.java:955) ~[spring-beans-5.3.22.jar:5.3.22]
	at org.springframework.context.support.AbstractApplicationContext.finishBeanFactoryInitialization(AbstractApplicationContext.java:918) ~[spring-context-5.3.22.jar:5.3.22]
	at org.springframework.context.support.AbstractApplicationContext.refresh(AbstractApplicationContext.java:583) ~[spring-context-5.3.22.jar:5.3.22]
	at org.springframework.boot.SpringApplication.refresh(SpringApplication.java:734) ~[spring-boot-2.7.2.jar:2.7.2]
	at org.springframework.boot.SpringApplication.refreshContext(SpringApplication.java:408) ~[spring-boot-2.7.2.jar:2.7.2]
	at org.springframework.boot.SpringApplication.run(SpringApplication.java:308) ~[spring-boot-2.7.2.jar:2.7.2]
	at org.springframework.boot.test.context.SpringBootContextLoader.loadContext(SpringBootContextLoader.java:132) ~[spring-boot-test-2.7.2.jar:2.7.2]
	at org.springframework.test.context.cache.DefaultCacheAwareContextLoaderDelegate.loadContextInternal(DefaultCacheAwareContextLoaderDelegate.java:99) ~[spring-test-5.3.22.jar:5.3.22]
	at org.springframework.test.context.cache.DefaultCacheAwareContextLoaderDelegate.loadContext(DefaultCacheAwareContextLoaderDelegate.java:124) ~[spring-test-5.3.22.jar:5.3.22]
	... 67 common frames omitted
Caused by: org.springframework.beans.factory.UnsatisfiedDependencyException: Error creating bean with name 'staffServiceImpl' defined in file [C:\Users\dell\Desktop\Java-Study\tjxt-master\tj-user\target\classes\com\tianji\user\service\impl\StaffServiceImpl.class]: Unsatisfied dependency expressed through constructor parameter 0; nested exception is org.springframework.beans.factory.UnsatisfiedDependencyException: Error creating bean with name 'userDetailServiceImpl': Unsatisfied dependency expressed through field 'baseMapper'; nested exception is org.springframework.beans.factory.UnsatisfiedDependencyException: Error creating bean with name 'userDetailMapper' defined in file [C:\Users\dell\Desktop\Java-Study\tjxt-master\tj-user\target\classes\com\tianji\user\mapper\UserDetailMapper.class]: Unsatisfied dependency expressed through bean property 'sqlSessionFactory'; nested exception is org.springframework.beans.factory.UnsatisfiedDependencyException: Error creating bean with name 'sqlSessionFactory' defined in class path resource [com/baomidou/mybatisplus/autoconfigure/MybatisPlusAutoConfiguration.class]: Unsatisfied dependency expressed through method 'sqlSessionFactory' parameter 0; nested exception is org.springframework.beans.factory.BeanCreationException: Error creating bean with name 'dataSource' defined in class path resource [org/springframework/boot/autoconfigure/jdbc/DataSourceConfiguration$Hikari.class]: Bean instantiation via factory method failed; nested exception is org.springframework.beans.BeanInstantiationException: Failed to instantiate [com.zaxxer.hikari.HikariDataSource]: Factory method 'dataSource' threw exception; nested exception is org.springframework.boot.autoconfigure.jdbc.DataSourceProperties$DataSourceBeanCreationException: Failed to determine a suitable driver class
	at org.springframework.beans.factory.support.ConstructorResolver.createArgumentArray(ConstructorResolver.java:800) ~[spring-beans-5.3.22.jar:5.3.22]
	at org.springframework.beans.factory.support.ConstructorResolver.autowireConstructor(ConstructorResolver.java:229) ~[spring-beans-5.3.22.jar:5.3.22]
	at org.springframework.beans.factory.support.AbstractAutowireCapableBeanFactory.autowireConstructor(AbstractAutowireCapableBeanFactory.java:1372) ~[spring-beans-5.3.22.jar:5.3.22]
	at org.springframework.beans.factory.support.AbstractAutowireCapableBeanFactory.createBeanInstance(AbstractAutowireCapableBeanFactory.java:1222) ~[spring-beans-5.3.22.jar:5.3.22]
	at org.springframework.beans.factory.support.AbstractAutowireCapableBeanFactory.doCreateBean(AbstractAutowireCapableBeanFactory.java:582) ~[spring-beans-5.3.22.jar:5.3.22]
	at org.springframework.beans.factory.support.AbstractAutowireCapableBeanFactory.createBean(AbstractAutowireCapableBeanFactory.java:542) ~[spring-beans-5.3.22.jar:5.3.22]
	at org.springframework.beans.factory.support.AbstractBeanFactory.lambda$doGetBean$0(AbstractBeanFactory.java:335) ~[spring-beans-5.3.22.jar:5.3.22]
	at org.springframework.beans.factory.support.DefaultSingletonBeanRegistry.getSingleton(DefaultSingletonBeanRegistry.java:234) ~[spring-beans-5.3.22.jar:5.3.22]
	at org.springframework.beans.factory.support.AbstractBeanFactory.doGetBean(AbstractBeanFactory.java:333) ~[spring-beans-5.3.22.jar:5.3.22]
	at org.springframework.beans.factory.support.AbstractBeanFactory.getBean(AbstractBeanFactory.java:208) ~[spring-beans-5.3.22.jar:5.3.22]
	at org.springframework.beans.factory.config.DependencyDescriptor.resolveCandidate(DependencyDescriptor.java:276) ~[spring-beans-5.3.22.jar:5.3.22]
	at org.springframework.beans.factory.support.DefaultListableBeanFactory.doResolveDependency(DefaultListableBeanFactory.java:1391) ~[spring-beans-5.3.22.jar:5.3.22]
	at org.springframework.beans.factory.support.DefaultListableBeanFactory.resolveDependency(DefaultListableBeanFactory.java:1311) ~[spring-beans-5.3.22.jar:5.3.22]
	at org.springframework.beans.factory.support.ConstructorResolver.resolveAutowiredArgument(ConstructorResolver.java:887) ~[spring-beans-5.3.22.jar:5.3.22]
	at org.springframework.beans.factory.support.ConstructorResolver.createArgumentArray(ConstructorResolver.java:791) ~[spring-beans-5.3.22.jar:5.3.22]
	... 85 common frames omitted
Caused by: org.springframework.beans.factory.UnsatisfiedDependencyException: Error creating bean with name 'userDetailServiceImpl': Unsatisfied dependency expressed through field 'baseMapper'; nested exception is org.springframework.beans.factory.UnsatisfiedDependencyException: Error creating bean with name 'userDetailMapper' defined in file [C:\Users\dell\Desktop\Java-Study\tjxt-master\tj-user\target\classes\com\tianji\user\mapper\UserDetailMapper.class]: Unsatisfied dependency expressed through bean property 'sqlSessionFactory'; nested exception is org.springframework.beans.factory.UnsatisfiedDependencyException: Error creating bean with name 'sqlSessionFactory' defined in class path resource [com/baomidou/mybatisplus/autoconfigure/MybatisPlusAutoConfiguration.class]: Unsatisfied dependency expressed through method 'sqlSessionFactory' parameter 0; nested exception is org.springframework.beans.factory.BeanCreationException: Error creating bean with name 'dataSource' defined in class path resource [org/springframework/boot/autoconfigure/jdbc/DataSourceConfiguration$Hikari.class]: Bean instantiation via factory method failed; nested exception is org.springframework.beans.BeanInstantiationException: Failed to instantiate [com.zaxxer.hikari.HikariDataSource]: Factory method 'dataSource' threw exception; nested exception is org.springframework.boot.autoconfigure.jdbc.DataSourceProperties$DataSourceBeanCreationException: Failed to determine a suitable driver class
	at org.springframework.beans.factory.annotation.AutowiredAnnotationBeanPostProcessor$AutowiredFieldElement.resolveFieldValue(AutowiredAnnotationBeanPostProcessor.java:659) ~[spring-beans-5.3.22.jar:5.3.22]
	at org.springframework.beans.factory.annotation.AutowiredAnnotationBeanPostProcessor$AutowiredFieldElement.inject(AutowiredAnnotationBeanPostProcessor.java:639) ~[spring-beans-5.3.22.jar:5.3.22]
	at org.springframework.beans.factory.annotation.InjectionMetadata.inject(InjectionMetadata.java:119) ~[spring-beans-5.3.22.jar:5.3.22]
	at org.springframework.beans.factory.annotation.AutowiredAnnotationBeanPostProcessor.postProcessProperties(AutowiredAnnotationBeanPostProcessor.java:399) ~[spring-beans-5.3.22.jar:5.3.22]
	at org.springframework.beans.factory.support.AbstractAutowireCapableBeanFactory.populateBean(AbstractAutowireCapableBeanFactory.java:1431) ~[spring-beans-5.3.22.jar:5.3.22]
	at org.springframework.beans.factory.support.AbstractAutowireCapableBeanFactory.doCreateBean(AbstractAutowireCapableBeanFactory.java:619) ~[spring-beans-5.3.22.jar:5.3.22]
	at org.springframework.beans.factory.support.AbstractAutowireCapableBeanFactory.createBean(AbstractAutowireCapableBeanFactory.java:542) ~[spring-beans-5.3.22.jar:5.3.22]
	at org.springframework.beans.factory.support.AbstractBeanFactory.lambda$doGetBean$0(AbstractBeanFactory.java:335) ~[spring-beans-5.3.22.jar:5.3.22]
	at org.springframework.beans.factory.support.DefaultSingletonBeanRegistry.getSingleton(DefaultSingletonBeanRegistry.java:234) ~[spring-beans-5.3.22.jar:5.3.22]
	at org.springframework.beans.factory.support.AbstractBeanFactory.doGetBean(AbstractBeanFactory.java:333) ~[spring-beans-5.3.22.jar:5.3.22]
	at org.springframework.beans.factory.support.AbstractBeanFactory.getBean(AbstractBeanFactory.java:208) ~[spring-beans-5.3.22.jar:5.3.22]
	at org.springframework.beans.factory.config.DependencyDescriptor.resolveCandidate(DependencyDescriptor.java:276) ~[spring-beans-5.3.22.jar:5.3.22]
	at org.springframework.beans.factory.support.DefaultListableBeanFactory.doResolveDependency(DefaultListableBeanFactory.java:1391) ~[spring-beans-5.3.22.jar:5.3.22]
	at org.springframework.beans.factory.support.DefaultListableBeanFactory.resolveDependency(DefaultListableBeanFactory.java:1311) ~[spring-beans-5.3.22.jar:5.3.22]
	at org.springframework.beans.factory.support.ConstructorResolver.resolveAutowiredArgument(ConstructorResolver.java:887) ~[spring-beans-5.3.22.jar:5.3.22]
	at org.springframework.beans.factory.support.ConstructorResolver.createArgumentArray(ConstructorResolver.java:791) ~[spring-beans-5.3.22.jar:5.3.22]
	... 99 common frames omitted
Caused by: org.springframework.beans.factory.UnsatisfiedDependencyException: Error creating bean with name 'userDetailMapper' defined in file [C:\Users\dell\Desktop\Java-Study\tjxt-master\tj-user\target\classes\com\tianji\user\mapper\UserDetailMapper.class]: Unsatisfied dependency expressed through bean property 'sqlSessionFactory'; nested exception is org.springframework.beans.factory.UnsatisfiedDependencyException: Error creating bean with name 'sqlSessionFactory' defined in class path resource [com/baomidou/mybatisplus/autoconfigure/MybatisPlusAutoConfiguration.class]: Unsatisfied dependency expressed through method 'sqlSessionFactory' parameter 0; nested exception is org.springframework.beans.factory.BeanCreationException: Error creating bean with name 'dataSource' defined in class path resource [org/springframework/boot/autoconfigure/jdbc/DataSourceConfiguration$Hikari.class]: Bean instantiation via factory method failed; nested exception is org.springframework.beans.BeanInstantiationException: Failed to instantiate [com.zaxxer.hikari.HikariDataSource]: Factory method 'dataSource' threw exception; nested exception is org.springframework.boot.autoconfigure.jdbc.DataSourceProperties$DataSourceBeanCreationException: Failed to determine a suitable driver class
	at org.springframework.beans.factory.support.AbstractAutowireCapableBeanFactory.autowireByType(AbstractAutowireCapableBeanFactory.java:1534) ~[spring-beans-5.3.22.jar:5.3.22]
	at org.springframework.beans.factory.support.AbstractAutowireCapableBeanFactory.populateBean(AbstractAutowireCapableBeanFactory.java:1417) ~[spring-beans-5.3.22.jar:5.3.22]
	at org.springframework.beans.factory.support.AbstractAutowireCapableBeanFactory.doCreateBean(AbstractAutowireCapableBeanFactory.java:619) ~[spring-beans-5.3.22.jar:5.3.22]
	at org.springframework.beans.factory.support.AbstractAutowireCapableBeanFactory.createBean(AbstractAutowireCapableBeanFactory.java:542) ~[spring-beans-5.3.22.jar:5.3.22]
	at org.springframework.beans.factory.support.AbstractBeanFactory.lambda$doGetBean$0(AbstractBeanFactory.java:335) ~[spring-beans-5.3.22.jar:5.3.22]
	at org.springframework.beans.factory.support.DefaultSingletonBeanRegistry.getSingleton(DefaultSingletonBeanRegistry.java:234) ~[spring-beans-5.3.22.jar:5.3.22]
	at org.springframework.beans.factory.support.AbstractBeanFactory.doGetBean(AbstractBeanFactory.java:333) ~[spring-beans-5.3.22.jar:5.3.22]
	at org.springframework.beans.factory.support.AbstractBeanFactory.getBean(AbstractBeanFactory.java:208) ~[spring-beans-5.3.22.jar:5.3.22]
	at org.springframework.beans.factory.config.DependencyDescriptor.resolveCandidate(DependencyDescriptor.java:276) ~[spring-beans-5.3.22.jar:5.3.22]
	at org.springframework.beans.factory.support.DefaultListableBeanFactory.doResolveDependency(DefaultListableBeanFactory.java:1391) ~[spring-beans-5.3.22.jar:5.3.22]
	at org.springframework.beans.factory.support.DefaultListableBeanFactory.resolveDependency(DefaultListableBeanFactory.java:1311) ~[spring-beans-5.3.22.jar:5.3.22]
	at org.springframework.beans.factory.annotation.AutowiredAnnotationBeanPostProcessor$AutowiredFieldElement.resolveFieldValue(AutowiredAnnotationBeanPostProcessor.java:656) ~[spring-beans-5.3.22.jar:5.3.22]
	... 114 common frames omitted
Caused by: org.springframework.beans.factory.UnsatisfiedDependencyException: Error creating bean with name 'sqlSessionFactory' defined in class path resource [com/baomidou/mybatisplus/autoconfigure/MybatisPlusAutoConfiguration.class]: Unsatisfied dependency expressed through method 'sqlSessionFactory' parameter 0; nested exception is org.springframework.beans.factory.BeanCreationException: Error creating bean with name 'dataSource' defined in class path resource [org/springframework/boot/autoconfigure/jdbc/DataSourceConfiguration$Hikari.class]: Bean instantiation via factory method failed; nested exception is org.springframework.beans.BeanInstantiationException: Failed to instantiate [com.zaxxer.hikari.HikariDataSource]: Factory method 'dataSource' threw exception; nested exception is org.springframework.boot.autoconfigure.jdbc.DataSourceProperties$DataSourceBeanCreationException: Failed to determine a suitable driver class
	at org.springframework.beans.factory.support.ConstructorResolver.createArgumentArray(ConstructorResolver.java:800) ~[spring-beans-5.3.22.jar:5.3.22]
	at org.springframework.beans.factory.support.ConstructorResolver.instantiateUsingFactoryMethod(ConstructorResolver.java:541) ~[spring-beans-5.3.22.jar:5.3.22]
	at org.springframework.beans.factory.support.AbstractAutowireCapableBeanFactory.instantiateUsingFactoryMethod(AbstractAutowireCapableBeanFactory.java:1352) ~[spring-beans-5.3.22.jar:5.3.22]
	at org.springframework.beans.factory.support.AbstractAutowireCapableBeanFactory.createBeanInstance(AbstractAutowireCapableBeanFactory.java:1195) ~[spring-beans-5.3.22.jar:5.3.22]
	at org.springframework.beans.factory.support.AbstractAutowireCapableBeanFactory.doCreateBean(AbstractAutowireCapableBeanFactory.java:582) ~[spring-beans-5.3.22.jar:5.3.22]
	at org.springframework.beans.factory.support.AbstractAutowireCapableBeanFactory.createBean(AbstractAutowireCapableBeanFactory.java:542) ~[spring-beans-5.3.22.jar:5.3.22]
	at org.springframework.beans.factory.support.AbstractBeanFactory.lambda$doGetBean$0(AbstractBeanFactory.java:335) ~[spring-beans-5.3.22.jar:5.3.22]
	at org.springframework.beans.factory.support.DefaultSingletonBeanRegistry.getSingleton(DefaultSingletonBeanRegistry.java:234) ~[spring-beans-5.3.22.jar:5.3.22]
	at org.springframework.beans.factory.support.AbstractBeanFactory.doGetBean(AbstractBeanFactory.java:333) ~[spring-beans-5.3.22.jar:5.3.22]
	at org.springframework.beans.factory.support.AbstractBeanFactory.getBean(AbstractBeanFactory.java:208) ~[spring-beans-5.3.22.jar:5.3.22]
	at org.springframework.beans.factory.config.DependencyDescriptor.resolveCandidate(DependencyDescriptor.java:276) ~[spring-beans-5.3.22.jar:5.3.22]
	at org.springframework.beans.factory.support.DefaultListableBeanFactory.doResolveDependency(DefaultListableBeanFactory.java:1391) ~[spring-beans-5.3.22.jar:5.3.22]
	at org.springframework.beans.factory.support.DefaultListableBeanFactory.resolveDependency(DefaultListableBeanFactory.java:1311) ~[spring-beans-5.3.22.jar:5.3.22]
	at org.springframework.beans.factory.support.AbstractAutowireCapableBeanFactory.autowireByType(AbstractAutowireCapableBeanFactory.java:1519) ~[spring-beans-5.3.22.jar:5.3.22]
	... 125 common frames omitted
Caused by: org.springframework.beans.factory.BeanCreationException: Error creating bean with name 'dataSource' defined in class path resource [org/springframework/boot/autoconfigure/jdbc/DataSourceConfiguration$Hikari.class]: Bean instantiation via factory method failed; nested exception is org.springframework.beans.BeanInstantiationException: Failed to instantiate [com.zaxxer.hikari.HikariDataSource]: Factory method 'dataSource' threw exception; nested exception is org.springframework.boot.autoconfigure.jdbc.DataSourceProperties$DataSourceBeanCreationException: Failed to determine a suitable driver class
	at org.springframework.beans.factory.support.ConstructorResolver.instantiate(ConstructorResolver.java:658) ~[spring-beans-5.3.22.jar:5.3.22]
	at org.springframework.beans.factory.support.ConstructorResolver.instantiateUsingFactoryMethod(ConstructorResolver.java:638) ~[spring-beans-5.3.22.jar:5.3.22]
	at org.springframework.beans.factory.support.AbstractAutowireCapableBeanFactory.instantiateUsingFactoryMethod(AbstractAutowireCapableBeanFactory.java:1352) ~[spring-beans-5.3.22.jar:5.3.22]
	at org.springframework.beans.factory.support.AbstractAutowireCapableBeanFactory.createBeanInstance(AbstractAutowireCapableBeanFactory.java:1195) ~[spring-beans-5.3.22.jar:5.3.22]
	at org.springframework.beans.factory.support.AbstractAutowireCapableBeanFactory.doCreateBean(AbstractAutowireCapableBeanFactory.java:582) ~[spring-beans-5.3.22.jar:5.3.22]
	at org.springframework.beans.factory.support.AbstractAutowireCapableBeanFactory.createBean(AbstractAutowireCapableBeanFactory.java:542) ~[spring-beans-5.3.22.jar:5.3.22]
	at org.springframework.beans.factory.support.AbstractBeanFactory.lambda$doGetBean$0(AbstractBeanFactory.java:335) ~[spring-beans-5.3.22.jar:5.3.22]
	at org.springframework.beans.factory.support.DefaultSingletonBeanRegistry.getSingleton(DefaultSingletonBeanRegistry.java:234) ~[spring-beans-5.3.22.jar:5.3.22]
	at org.springframework.beans.factory.support.AbstractBeanFactory.doGetBean(AbstractBeanFactory.java:333) ~[spring-beans-5.3.22.jar:5.3.22]
	at org.springframework.beans.factory.support.AbstractBeanFactory.getBean(AbstractBeanFactory.java:208) ~[spring-beans-5.3.22.jar:5.3.22]
	at org.springframework.beans.factory.config.DependencyDescriptor.resolveCandidate(DependencyDescriptor.java:276) ~[spring-beans-5.3.22.jar:5.3.22]
	at org.springframework.beans.factory.support.DefaultListableBeanFactory.doResolveDependency(DefaultListableBeanFactory.java:1391) ~[spring-beans-5.3.22.jar:5.3.22]
	at org.springframework.beans.factory.support.DefaultListableBeanFactory.resolveDependency(DefaultListableBeanFactory.java:1311) ~[spring-beans-5.3.22.jar:5.3.22]
	at org.springframework.beans.factory.support.ConstructorResolver.resolveAutowiredArgument(ConstructorResolver.java:887) ~[spring-beans-5.3.22.jar:5.3.22]
	at org.springframework.beans.factory.support.ConstructorResolver.createArgumentArray(ConstructorResolver.java:791) ~[spring-beans-5.3.22.jar:5.3.22]
	... 138 common frames omitted
Caused by: org.springframework.beans.BeanInstantiationException: Failed to instantiate [com.zaxxer.hikari.HikariDataSource]: Factory method 'dataSource' threw exception; nested exception is org.springframework.boot.autoconfigure.jdbc.DataSourceProperties$DataSourceBeanCreationException: Failed to determine a suitable driver class
	at org.springframework.beans.factory.support.SimpleInstantiationStrategy.instantiate(SimpleInstantiationStrategy.java:185) ~[spring-beans-5.3.22.jar:5.3.22]
	at org.springframework.beans.factory.support.ConstructorResolver.instantiate(ConstructorResolver.java:653) ~[spring-beans-5.3.22.jar:5.3.22]
	... 152 common frames omitted
Caused by: org.springframework.boot.autoconfigure.jdbc.DataSourceProperties$DataSourceBeanCreationException: Failed to determine a suitable driver class
	at org.springframework.boot.autoconfigure.jdbc.DataSourceProperties.determineDriverClassName(DataSourceProperties.java:182) ~[spring-boot-autoconfigure-2.7.2.jar:2.7.2]
	at org.springframework.boot.autoconfigure.jdbc.DataSourceProperties.initializeDataSourceBuilder(DataSourceProperties.java:123) ~[spring-boot-autoconfigure-2.7.2.jar:2.7.2]
	at org.springframework.boot.autoconfigure.jdbc.DataSourceConfiguration.createDataSource(DataSourceConfiguration.java:48) ~[spring-boot-autoconfigure-2.7.2.jar:2.7.2]
	at org.springframework.boot.autoconfigure.jdbc.DataSourceConfiguration$Hikari.dataSource(DataSourceConfiguration.java:90) ~[spring-boot-autoconfigure-2.7.2.jar:2.7.2]
	at java.base/jdk.internal.reflect.NativeMethodAccessorImpl.invoke0(Native Method) ~[na:na]
	at java.base/jdk.internal.reflect.NativeMethodAccessorImpl.invoke(NativeMethodAccessorImpl.java:77) ~[na:na]
	at java.base/jdk.internal.reflect.DelegatingMethodAccessorImpl.invoke(DelegatingMethodAccessorImpl.java:43) ~[na:na]
	at java.base/java.lang.reflect.Method.invoke(Method.java:568) ~[na:na]
	at org.springframework.beans.factory.support.SimpleInstantiationStrategy.instantiate(SimpleInstantiationStrategy.java:154) ~[spring-beans-5.3.22.jar:5.3.22]
	... 153 common frames omitted

]]></system-out>
  </testcase>
</testsuite>